-------------------------------------------------------------------------------------------------------------------------
Starting new testcase :TC01_create_schedule_release_Order
Pre-condition for Test: Load Item 
Calling POST request with end point : https://localhost:9443/smcfs/restapi/invoke/manageItem
API Request sent : 
Request method:	POST
Request URI:	https://localhost:9443/smcfs/restapi/invoke/manageItem
Proxy:			<none>
Request params:	<none>
Query params:	<none>
Form params:	<none>
Path params:	<none>
Headers:		Accept=application/xml
				Authorization=Basic T01TUkVTVEFQSVVTRVI6b21zcmVzdGFwaXVzZXI=
				Content-Type=application/xml
Cookies:		<none>
Multiparts:		<none>
Body:
<ItemList>
  <Item Action="Manage" AssociateItemToCategories="N" ItemGroupCode="PROD" ItemID="ATSTK_6442" OrganizationCode="FCVColombiaInc" UnitOfMeasure="EACH">
    <PrimaryInformation Description="Nike Shorts" IsDeliveryAllowed="Y" IsHazmat="N" IsParcelShippingAllowed="Y" IsPickupAllowed="Y" IsShippingAllowed=" " ItemType="PROD" ManufacturerName="Nike" ShortDescription="Gaviscon (5+2.67+1.6)% Suspensi贸n Oral Frasco X 300mL Menta" Status="3000" UnitHeight="0.05" UnitHeightUOM="METER" UnitLength="0.05" UnitLengthUOM="CM" UnitWeight="0.05" UnitWeightUOM="KG" UnitWidth="5.4" UnitWidthUOM="METER"/>
    <InventoryParameters ATPRule="FCVColombia_ATP" InventoryMonitorRule="FCVColombia_RTAMATP" NodeLevelInventoryMonitorRule="FCVColombia_RTAMATP"/>
    <ItemAliasList>
      <ItemAlias Action="Modify" AliasName="EAN_VENDOR1" AliasValue="496424319694"/>
    </ItemAliasList>
    <Extn ExtnIsBioEquivalent="N" ExtnIsRegulatedItem="N" ExtnItemAroma="" ExtnItemCategory="OTHER" ExtnItemChemicalName="Sod " ExtnItemChemicalWeight="" ExtnItemDetails="" ExtnItemFormat="" ExtnItemVolUOM="cm3" ExtnItemVolume="0"/>
  </Item>
</ItemList>

API Response received : 
HTTP/1.1 400 Bad Request
X-FRAME-OPTIONS: SAMEORIGIN
X-UA-Compatible: IE=EmulateIE8
Access-Control-Max-Age: 3600
Access-Control-Allow-Credentials: true
Access-Control-Allow-Origin: *
Content-Type: application/xml; charset=UTF-8
Content-Encoding: gzip
Content-Language: en-US
Content-Length: 127
Connection: Close
Date: Thu, 25 Nov 2021 06:15:43 GMT

<Errors>
  <Error HttpCode="400">
    <Attribute Name="HttpCode" Value="400"/>
  </Error>
</Errors>

-------------------------------------------------------------------------------------------------------------------------
Starting new testcase :TC01_create_schedule_release_Order
Pre-condition for Test: Load Item 
Calling POST request with end point : https://localhost:9443/smcfs/restapi/invoke/manageItem
API Request sent : 
Request method:	POST
Request URI:	https://localhost:9443/smcfs/restapi/invoke/manageItem
Proxy:			<none>
Request params:	<none>
Query params:	<none>
Form params:	<none>
Path params:	<none>
Headers:		Accept=application/xml
				Authorization=Basic T01TUkVTVEFQSVVTRVI6b21zcmVzdGFwaXVzZXI=
				Content-Type=application/xml
Cookies:		<none>
Multiparts:		<none>
Body:
<ItemList>
  <Item Action="Manage" AssociateItemToCategories="N" ItemGroupCode="PROD" ItemID="ATSTK_5514" OrganizationCode="FCVColombiaInc" UnitOfMeasure="EACH">
    <PrimaryInformation Description="Nike Shorts" IsDeliveryAllowed="Y" IsHazmat="N" IsParcelShippingAllowed="Y" IsPickupAllowed="Y" IsShippingAllowed=" " ItemType="PROD" ManufacturerName="Nike" ShortDescription="Gaviscon (5+2.67+1.6)% Suspensi贸n Oral Frasco X 300mL Menta" Status="3000" UnitHeight="0.05" UnitHeightUOM="METER" UnitLength="0.05" UnitLengthUOM="CM" UnitWeight="0.05" UnitWeightUOM="KG" UnitWidth="5.4" UnitWidthUOM="METER"/>
    <InventoryParameters ATPRule="FCVColombia_ATP" InventoryMonitorRule="FCVColombia_RTAMATP" NodeLevelInventoryMonitorRule="FCVColombia_RTAMATP"/>
    <ItemAliasList>
      <ItemAlias Action="Modify" AliasName="EAN_VENDOR1" AliasValue="954050030498"/>
    </ItemAliasList>
    <Extn ExtnIsBioEquivalent="N" ExtnIsRegulatedItem="N" ExtnItemAroma="" ExtnItemCategory="OTHER" ExtnItemChemicalName="Sod " ExtnItemChemicalWeight="" ExtnItemDetails="" ExtnItemFormat="" ExtnItemVolUOM="cm3" ExtnItemVolume="0"/>
  </Item>
</ItemList>

API Response received : 
HTTP/1.1 400 Bad Request
X-FRAME-OPTIONS: SAMEORIGIN
X-UA-Compatible: IE=EmulateIE8
Access-Control-Max-Age: 3600
Access-Control-Allow-Credentials: true
Access-Control-Allow-Origin: *
Content-Type: application/xml; charset=UTF-8
Content-Encoding: gzip
Content-Language: en-US
Content-Length: 127
Connection: Close
Date: Thu, 25 Nov 2021 06:15:46 GMT

<Errors>
  <Error HttpCode="400">
    <Attribute Name="HttpCode" Value="400"/>
  </Error>
</Errors>

Test failed : TC01_create_schedule_release_Order
java.lang.AssertionError: Status code for manageItem matches with expected code expected [204] but found [400]
	at org.testng.Assert.fail(Assert.java:99)
	at org.testng.Assert.failNotEquals(Assert.java:1037)
	at org.testng.Assert.assertEqualsImpl(Assert.java:140)
	at org.testng.Assert.assertEquals(Assert.java:122)
	at org.testng.Assert.assertEquals(Assert.java:907)
	at org.testng.asserts.Assertion$26.doAssert(Assertion.java:338)
	at org.testng.asserts.Assertion.executeAssert(Assertion.java:25)
	at org.testng.asserts.Assertion.doAssert(Assertion.java:12)
	at org.testng.asserts.Assertion.assertEquals(Assertion.java:334)
	at com.perfaware.automation.oms.sterling.common.applicationHelper.RequestHelper.requestCreationInOMS(RequestHelper.java:85)
	at com.perfaware.automation.oms.sterling.common.testcases.RestAPI.createOrderSTK_FC(RestAPI.java:98)
	at com.perfaware.automation.oms.sterling.common.testcases.RestAPI.TC01_create_schedule_release_Order(RestAPI.java:77)
	at sun.reflect.NativeMethodAccessorImpl.invoke0(Native Method)
	at sun.reflect.NativeMethodAccessorImpl.invoke(NativeMethodAccessorImpl.java:62)
	at sun.reflect.DelegatingMethodAccessorImpl.invoke(DelegatingMethodAccessorImpl.java:43)
	at java.lang.reflect.Method.invoke(Method.java:498)
	at org.testng.internal.MethodInvocationHelper.invokeMethod(MethodInvocationHelper.java:133)
	at org.testng.internal.TestInvoker.invokeMethod(TestInvoker.java:598)
	at org.testng.internal.TestInvoker.retryFailed(TestInvoker.java:213)
	at org.testng.internal.MethodRunner.runInSequence(MethodRunner.java:58)
	at org.testng.internal.TestInvoker$MethodInvocationAgent.invoke(TestInvoker.java:824)
	at org.testng.internal.TestInvoker.invokeTestMethods(TestInvoker.java:146)
	at org.testng.internal.TestMethodWorker.invokeTestMethods(TestMethodWorker.java:146)
	at org.testng.internal.TestMethodWorker.run(TestMethodWorker.java:128)
	at java.util.ArrayList.forEach(ArrayList.java:1259)
	at org.testng.TestRunner.privateRun(TestRunner.java:794)
	at org.testng.TestRunner.run(TestRunner.java:596)
	at org.testng.SuiteRunner.runTest(SuiteRunner.java:377)
	at org.testng.SuiteRunner.runSequentially(SuiteRunner.java:371)
	at org.testng.SuiteRunner.privateRun(SuiteRunner.java:332)
	at org.testng.SuiteRunner.run(SuiteRunner.java:276)
	at org.testng.SuiteRunnerWorker.runSuite(SuiteRunnerWorker.java:53)
	at org.testng.SuiteRunnerWorker.run(SuiteRunnerWorker.java:96)
	at org.testng.TestNG.runSuitesSequentially(TestNG.java:1212)
	at org.testng.TestNG.runSuitesLocally(TestNG.java:1134)
	at org.testng.TestNG.runSuites(TestNG.java:1063)
	at org.testng.TestNG.run(TestNG.java:1031)
	at org.testng.remote.AbstractRemoteTestNG.run(AbstractRemoteTestNG.java:115)
	at org.testng.remote.RemoteTestNG.initAndRun(RemoteTestNG.java:251)
	at org.testng.remote.RemoteTestNG.main(RemoteTestNG.java:77)

Test failed : TC01_create_schedule_release_Order
java.lang.NullPointerException
	at com.perfaware.automation.oms.sterling.common.testListeners.TestListener.onTestFailure(TestListener.java:60)
	at org.testng.internal.TestListenerHelper.runTestListeners(TestListenerHelper.java:96)
	at org.testng.internal.TestInvoker.runTestResultListener(TestInvoker.java:219)
	at org.testng.internal.TestInvoker.invokeMethod(TestInvoker.java:656)
	at org.testng.internal.TestInvoker.retryFailed(TestInvoker.java:213)
	at org.testng.internal.MethodRunner.runInSequence(MethodRunner.java:58)
	at org.testng.internal.TestInvoker$MethodInvocationAgent.invoke(TestInvoker.java:824)
	at org.testng.internal.TestInvoker.invokeTestMethods(TestInvoker.java:146)
	at org.testng.internal.TestMethodWorker.invokeTestMethods(TestMethodWorker.java:146)
	at org.testng.internal.TestMethodWorker.run(TestMethodWorker.java:128)
	at java.util.ArrayList.forEach(ArrayList.java:1259)
	at org.testng.TestRunner.privateRun(TestRunner.java:794)
	at org.testng.TestRunner.run(TestRunner.java:596)
	at org.testng.SuiteRunner.runTest(SuiteRunner.java:377)
	at org.testng.SuiteRunner.runSequentially(SuiteRunner.java:371)
	at org.testng.SuiteRunner.privateRun(SuiteRunner.java:332)
	at org.testng.SuiteRunner.run(SuiteRunner.java:276)
	at org.testng.SuiteRunnerWorker.runSuite(SuiteRunnerWorker.java:53)
	at org.testng.SuiteRunnerWorker.run(SuiteRunnerWorker.java:96)
	at org.testng.TestNG.runSuitesSequentially(TestNG.java:1212)
	at org.testng.TestNG.runSuitesLocally(TestNG.java:1134)
	at org.testng.TestNG.runSuites(TestNG.java:1063)
	at org.testng.TestNG.run(TestNG.java:1031)
	at org.testng.remote.AbstractRemoteTestNG.run(AbstractRemoteTestNG.java:115)
	at org.testng.remote.RemoteTestNG.initAndRun(RemoteTestNG.java:251)
	at org.testng.remote.RemoteTestNG.main(RemoteTestNG.java:77)

-------------------------------------------------------------------------------------------------------------------------
Starting new testcase :TC01_create_schedule_release_Order
Pre-condition for Test: Load Item 
Calling POST request with end point : https://localhost:9443/smcfs/restapi/invoke/manageItem
API Request sent : 
Request method:	POST
Request URI:	https://localhost:9443/smcfs/restapi/invoke/manageItem
Proxy:			<none>
Request params:	<none>
Query params:	<none>
Form params:	<none>
Path params:	<none>
Headers:		Accept=application/xml
				Authorization=Basic T01TUkVTVEFQSVVTRVI6b21zcmVzdGFwaXVzZXI=
				Content-Type=application/xml
Cookies:		<none>
Multiparts:		<none>
Body:
<ItemList>
  <Item Action="Manage" AssociateItemToCategories="N" ItemGroupCode="PROD" ItemID="ATSTK_8990" OrganizationCode="FCVColombiaInc" UnitOfMeasure="EACH">
    <PrimaryInformation Description="Nike Shorts" IsDeliveryAllowed="Y" IsHazmat="N" IsParcelShippingAllowed="Y" IsPickupAllowed="Y" IsShippingAllowed=" " ItemType="PROD" ManufacturerName="Nike" ShortDescription="Gaviscon Suspensi贸n Oral Frasco X 300mL Menta" Status="3000" UnitHeight="0.05" UnitHeightUOM="METER" UnitLength="0.05" UnitLengthUOM="CM" UnitWeight="0.05" UnitWeightUOM="KG" UnitWidth="5.4" UnitWidthUOM="METER"/>
    <InventoryParameters ATPRule="FCVColombia_ATP" InventoryMonitorRule="FCVColombia_RTAMATP" NodeLevelInventoryMonitorRule="FCVColombia_RTAMATP"/>
    <ItemAliasList>
      <ItemAlias Action="Modify" AliasName="EAN_VENDOR1" AliasValue="444382204132"/>
    </ItemAliasList>
    <Extn ExtnIsBioEquivalent="N" ExtnIsRegulatedItem="N" ExtnItemAroma="" ExtnItemCategory="OTHER" ExtnItemChemicalName="Sod " ExtnItemChemicalWeight="" ExtnItemDetails="" ExtnItemFormat="" ExtnItemVolUOM="cm3" ExtnItemVolume="0"/>
  </Item>
</ItemList>

API Response received : 
HTTP/1.1 400 Bad Request
X-FRAME-OPTIONS: SAMEORIGIN
X-UA-Compatible: IE=EmulateIE8
Access-Control-Max-Age: 3600
Access-Control-Allow-Credentials: true
Access-Control-Allow-Origin: *
Content-Type: application/xml; charset=UTF-8
Content-Encoding: gzip
Content-Language: en-US
Content-Length: 127
Connection: Close
Date: Thu, 25 Nov 2021 06:17:07 GMT

<Errors>
  <Error HttpCode="400">
    <Attribute Name="HttpCode" Value="400"/>
  </Error>
</Errors>

-------------------------------------------------------------------------------------------------------------------------
Starting new testcase :TC01_create_schedule_release_Order
Pre-condition for Test: Load Item 
Calling POST request with end point : https://localhost:9443/smcfs/restapi/invoke/manageItem
API Request sent : 
Request method:	POST
Request URI:	https://localhost:9443/smcfs/restapi/invoke/manageItem
Proxy:			<none>
Request params:	<none>
Query params:	<none>
Form params:	<none>
Path params:	<none>
Headers:		Accept=application/xml
				Authorization=Basic T01TUkVTVEFQSVVTRVI6b21zcmVzdGFwaXVzZXI=
				Content-Type=application/xml
Cookies:		<none>
Multiparts:		<none>
Body:
<ItemList>
  <Item Action="Manage" AssociateItemToCategories="N" ItemGroupCode="PROD" ItemID="ATSTK_0232" OrganizationCode="FCVColombiaInc" UnitOfMeasure="EACH">
    <PrimaryInformation Description="Nike Shorts" IsDeliveryAllowed="Y" IsHazmat="N" IsParcelShippingAllowed="Y" IsPickupAllowed="Y" IsShippingAllowed=" " ItemType="PROD" ManufacturerName="Nike" ShortDescription="Gaviscon Suspensi贸n Oral Frasco X 300mL Menta" Status="3000" UnitHeight="0.05" UnitHeightUOM="METER" UnitLength="0.05" UnitLengthUOM="CM" UnitWeight="0.05" UnitWeightUOM="KG" UnitWidth="5.4" UnitWidthUOM="METER"/>
    <InventoryParameters ATPRule="FCVColombia_ATP" InventoryMonitorRule="FCVColombia_RTAMATP" NodeLevelInventoryMonitorRule="FCVColombia_RTAMATP"/>
    <ItemAliasList>
      <ItemAlias Action="Modify" AliasName="EAN_VENDOR1" AliasValue="482365445233"/>
    </ItemAliasList>
    <Extn ExtnIsBioEquivalent="N" ExtnIsRegulatedItem="N" ExtnItemAroma="" ExtnItemCategory="OTHER" ExtnItemChemicalName="Sod " ExtnItemChemicalWeight="" ExtnItemDetails="" ExtnItemFormat="" ExtnItemVolUOM="cm3" ExtnItemVolume="0"/>
  </Item>
</ItemList>

API Response received : 
HTTP/1.1 400 Bad Request
X-FRAME-OPTIONS: SAMEORIGIN
X-UA-Compatible: IE=EmulateIE8
Access-Control-Max-Age: 3600
Access-Control-Allow-Credentials: true
Access-Control-Allow-Origin: *
Content-Type: application/xml; charset=UTF-8
Content-Encoding: gzip
Content-Language: en-US
Content-Length: 127
Connection: Close
Date: Thu, 25 Nov 2021 06:17:09 GMT

<Errors>
  <Error HttpCode="400">
    <Attribute Name="HttpCode" Value="400"/>
  </Error>
</Errors>

Test failed : TC01_create_schedule_release_Order
java.lang.AssertionError: Status code for manageItem matches with expected code expected [204] but found [400]
	at org.testng.Assert.fail(Assert.java:99)
	at org.testng.Assert.failNotEquals(Assert.java:1037)
	at org.testng.Assert.assertEqualsImpl(Assert.java:140)
	at org.testng.Assert.assertEquals(Assert.java:122)
	at org.testng.Assert.assertEquals(Assert.java:907)
	at org.testng.asserts.Assertion$26.doAssert(Assertion.java:338)
	at org.testng.asserts.Assertion.executeAssert(Assertion.java:25)
	at org.testng.asserts.Assertion.doAssert(Assertion.java:12)
	at org.testng.asserts.Assertion.assertEquals(Assertion.java:334)
	at com.perfaware.automation.oms.sterling.common.applicationHelper.RequestHelper.requestCreationInOMS(RequestHelper.java:85)
	at com.perfaware.automation.oms.sterling.common.testcases.RestAPI.createOrderSTK_FC(RestAPI.java:98)
	at com.perfaware.automation.oms.sterling.common.testcases.RestAPI.TC01_create_schedule_release_Order(RestAPI.java:77)
	at sun.reflect.NativeMethodAccessorImpl.invoke0(Native Method)
	at sun.reflect.NativeMethodAccessorImpl.invoke(NativeMethodAccessorImpl.java:62)
	at sun.reflect.DelegatingMethodAccessorImpl.invoke(DelegatingMethodAccessorImpl.java:43)
	at java.lang.reflect.Method.invoke(Method.java:498)
	at org.testng.internal.MethodInvocationHelper.invokeMethod(MethodInvocationHelper.java:133)
	at org.testng.internal.TestInvoker.invokeMethod(TestInvoker.java:598)
	at org.testng.internal.TestInvoker.retryFailed(TestInvoker.java:213)
	at org.testng.internal.MethodRunner.runInSequence(MethodRunner.java:58)
	at org.testng.internal.TestInvoker$MethodInvocationAgent.invoke(TestInvoker.java:824)
	at org.testng.internal.TestInvoker.invokeTestMethods(TestInvoker.java:146)
	at org.testng.internal.TestMethodWorker.invokeTestMethods(TestMethodWorker.java:146)
	at org.testng.internal.TestMethodWorker.run(TestMethodWorker.java:128)
	at java.util.ArrayList.forEach(ArrayList.java:1259)
	at org.testng.TestRunner.privateRun(TestRunner.java:794)
	at org.testng.TestRunner.run(TestRunner.java:596)
	at org.testng.SuiteRunner.runTest(SuiteRunner.java:377)
	at org.testng.SuiteRunner.runSequentially(SuiteRunner.java:371)
	at org.testng.SuiteRunner.privateRun(SuiteRunner.java:332)
	at org.testng.SuiteRunner.run(SuiteRunner.java:276)
	at org.testng.SuiteRunnerWorker.runSuite(SuiteRunnerWorker.java:53)
	at org.testng.SuiteRunnerWorker.run(SuiteRunnerWorker.java:96)
	at org.testng.TestNG.runSuitesSequentially(TestNG.java:1212)
	at org.testng.TestNG.runSuitesLocally(TestNG.java:1134)
	at org.testng.TestNG.runSuites(TestNG.java:1063)
	at org.testng.TestNG.run(TestNG.java:1031)
	at org.testng.remote.AbstractRemoteTestNG.run(AbstractRemoteTestNG.java:115)
	at org.testng.remote.RemoteTestNG.initAndRun(RemoteTestNG.java:251)
	at org.testng.remote.RemoteTestNG.main(RemoteTestNG.java:77)

Test failed : TC01_create_schedule_release_Order
java.lang.NullPointerException
	at com.perfaware.automation.oms.sterling.common.testListeners.TestListener.onTestFailure(TestListener.java:60)
	at org.testng.internal.TestListenerHelper.runTestListeners(TestListenerHelper.java:96)
	at org.testng.internal.TestInvoker.runTestResultListener(TestInvoker.java:219)
	at org.testng.internal.TestInvoker.invokeMethod(TestInvoker.java:656)
	at org.testng.internal.TestInvoker.retryFailed(TestInvoker.java:213)
	at org.testng.internal.MethodRunner.runInSequence(MethodRunner.java:58)
	at org.testng.internal.TestInvoker$MethodInvocationAgent.invoke(TestInvoker.java:824)
	at org.testng.internal.TestInvoker.invokeTestMethods(TestInvoker.java:146)
	at org.testng.internal.TestMethodWorker.invokeTestMethods(TestMethodWorker.java:146)
	at org.testng.internal.TestMethodWorker.run(TestMethodWorker.java:128)
	at java.util.ArrayList.forEach(ArrayList.java:1259)
	at org.testng.TestRunner.privateRun(TestRunner.java:794)
	at org.testng.TestRunner.run(TestRunner.java:596)
	at org.testng.SuiteRunner.runTest(SuiteRunner.java:377)
	at org.testng.SuiteRunner.runSequentially(SuiteRunner.java:371)
	at org.testng.SuiteRunner.privateRun(SuiteRunner.java:332)
	at org.testng.SuiteRunner.run(SuiteRunner.java:276)
	at org.testng.SuiteRunnerWorker.runSuite(SuiteRunnerWorker.java:53)
	at org.testng.SuiteRunnerWorker.run(SuiteRunnerWorker.java:96)
	at org.testng.TestNG.runSuitesSequentially(TestNG.java:1212)
	at org.testng.TestNG.runSuitesLocally(TestNG.java:1134)
	at org.testng.TestNG.runSuites(TestNG.java:1063)
	at org.testng.TestNG.run(TestNG.java:1031)
	at org.testng.remote.AbstractRemoteTestNG.run(AbstractRemoteTestNG.java:115)
	at org.testng.remote.RemoteTestNG.initAndRun(RemoteTestNG.java:251)
	at org.testng.remote.RemoteTestNG.main(RemoteTestNG.java:77)

-------------------------------------------------------------------------------------------------------------------------
Starting new testcase :TC01_create_schedule_release_Order
Pre-condition for Test: Load Item 
Calling POST request with end point : https://localhost:9443/smcfs/restapi/invoke/manageItem
API Request sent : 
Request method:	POST
Request URI:	https://localhost:9443/smcfs/restapi/invoke/manageItem
Proxy:			<none>
Request params:	<none>
Query params:	<none>
Form params:	<none>
Path params:	<none>
Headers:		Accept=application/xml
				Authorization=Basic T01TUkVTVEFQSVVTRVI6b21zcmVzdGFwaXVzZXI=
				Content-Type=application/xml
Cookies:		<none>
Multiparts:		<none>
Body:
<ItemList>
  <Item Action="Manage" AssociateItemToCategories="N" ItemGroupCode="PROD" ItemID="ATSTK_0669" OrganizationCode="FCVColombiaInc" UnitOfMeasure="EACH">
    <PrimaryInformation Description="Nike Shorts" IsDeliveryAllowed="Y" IsHazmat="N" IsParcelShippingAllowed="Y" IsPickupAllowed="Y" IsShippingAllowed=" " ItemType="PROD" ManufacturerName="Nike" ShortDescription="Gaviscon Suspensin Oral Frasco X 300mL Menta" Status="3000" UnitHeight="0.05" UnitHeightUOM="METER" UnitLength="0.05" UnitLengthUOM="CM" UnitWeight="0.05" UnitWeightUOM="KG" UnitWidth="5.4" UnitWidthUOM="METER"/>
    <InventoryParameters ATPRule="FCVColombia_ATP" InventoryMonitorRule="FCVColombia_RTAMATP" NodeLevelInventoryMonitorRule="FCVColombia_RTAMATP"/>
    <ItemAliasList>
      <ItemAlias Action="Modify" AliasName="EAN_VENDOR1" AliasValue="916565363060"/>
    </ItemAliasList>
    <Extn ExtnIsBioEquivalent="N" ExtnIsRegulatedItem="N" ExtnItemAroma="" ExtnItemCategory="OTHER" ExtnItemChemicalName="Sod " ExtnItemChemicalWeight="" ExtnItemDetails="" ExtnItemFormat="" ExtnItemVolUOM="cm3" ExtnItemVolume="0"/>
  </Item>
</ItemList>

API Response received : 
HTTP/1.1 204 No Content
X-FRAME-OPTIONS: SAMEORIGIN
X-UA-Compatible: IE=EmulateIE8
Access-Control-Max-Age: 3600
Access-Control-Allow-Credentials: true
Access-Control-Allow-Origin: *
Content-Language: en-US
Content-Length: 0
Date: Thu, 25 Nov 2021 06:17:45 GMT

Pre-condition for Test: Adjust Inventory 
Calling POST request with end point : https://localhost:9443/smcfs/restapi/invoke/adjustInventory
API Request sent : 
Request method:	POST
Request URI:	https://localhost:9443/smcfs/restapi/invoke/adjustInventory
Proxy:			<none>
Request params:	<none>
Query params:	<none>
Form params:	<none>
Path params:	<none>
Headers:		Accept=application/xml
				Authorization=Basic T01TUkVTVEFQSVVTRVI6b21zcmVzdGFwaXVzZXI=
				Content-Type=application/xml
Cookies:		<none>
Multiparts:		<none>
Body:
<Items>
  <Item AdjustmentType="ADJUSTMENT" ItemID="ATSTK_0669" OrganizationCode="FCVColombiaInc" Quantity="3" ShipNode="115" SupplyType="ONHAND" UnitOfMeasure="EACH"/>
</Items>

API Response received : 
HTTP/1.1 204 No Content
X-FRAME-OPTIONS: SAMEORIGIN
X-UA-Compatible: IE=EmulateIE8
Access-Control-Max-Age: 3600
Access-Control-Allow-Credentials: true
Access-Control-Allow-Origin: *
Content-Language: en-US
Content-Length: 0
Date: Thu, 25 Nov 2021 06:17:47 GMT

Test successfully passed : TC01_create_schedule_release_Order[TestClass name=class com.perfaware.automation.oms.sterling.common.testcases.RestAPI]
