<?xml version="1.0" encoding="UTF-8"?>
<!-- Generated by org.testng.reporters.JUnitXMLReporter -->
<testsuite hostname="DESKTOP-FEJVQKG" ignored="0" name="Default test" tests="2" failures="0" timestamp="2022-01-29T21:00:17 IST" time="185.614" errors="0">
  <testcase name="TC06_COM_CreateConsumer" time="79.03" classname="com.perfaware.automation.oms.sterling.common.testcases.COM_OrderSearch">
    <skipped/>
  </testcase> <!-- TC06_COM_CreateConsumer -->
  <testcase name="TC06_COM_CreateConsumer" time="79.479" classname="com.perfaware.automation.oms.sterling.common.testcases.COM_OrderSearch"/>
</testsuite> <!-- Default test -->
