<?xml version="1.0" encoding="UTF-8"?>
<testsuite xmlns:xsi="http://www.w3.org/2001/XMLSchema-instance" xsi:noNamespaceSchemaLocation="https://maven.apache.org/surefire/maven-surefire-plugin/xsd/surefire-test-report-3.0.xsd" version="3.0" name="TestSuite" time="307.07" tests="6" errors="0" skipped="2" failures="1">
  <properties>
[...]
</properties>
  <testcase name="TC05_COM_LoginFunctionality" classname="com.perfaware.automation.oms.sterling.common.testcases.COM_LoginFunctionality" time="0">
    <skipped message="expected [Invalid Credentials passed. Please try again...] but found [The combination of user name and password you entered does not match any existing accounts. Please try again.]"/>
    <system-out><![CDATA[[INFO]-[2022-01-19 13:29:40.172]-[TestNG-test=OMS-3]-[onTestStart]-[TestListener.java:56]--------------------------------------------------------------------------------------------------------------------------
[INFO]-[2022-01-19 13:29:40.192]-[TestNG-test=OMS-3]-[onTestStart]-[TestListener.java:57]-Starting new testcase :TC01_XML_BOPIS_SL_OrderFulfillment
COCC60532141
[INFO]-[2022-01-19 13:29:40.510]-[TestNG-test=OMS-3]-[requestCreationInOMS]-[RequestHelper.java:80]-Pre-condition for Test: Load Item 
[INFO]-[2022-01-19 13:29:41.794]-[TestNG-test=OMS-3]-[sendAPIRequest]-[RestAssuredRequest.java:20]-Calling POST request with end point : https://localhost:9443/smcfs/restapi/invoke/manageItem
io.restassured.internal.RequestSpecificationImpl@7d0e42b2
io.restassured.internal.RestAssuredResponseImpl@1fa42e6d
[INFO]-[2022-01-19 13:29:46.881]-[TestNG-test=OMS-3]-[logRequestResponse]-[RequestPayload.java:171]-API Request sent : 
[INFO]-[2022-01-19 13:29:46.883]-[TestNG-test=OMS-3]-[logRequestResponse]-[RequestPayload.java:172]-Request method:	POST
Request URI:	https://localhost:9443/smcfs/restapi/invoke/manageItem
Proxy:			<none>
Request params:	<none>
Query params:	<none>
Form params:	<none>
Path params:	<none>
Headers:		Accept=application/xml
				Authorization=Basic YWRtaW46cGFzc3dvcmQ=
				Content-Type=application/xml
Cookies:		<none>
Multiparts:		<none>
Body:
<ItemList>
  <Item Action="Manage" AssociateItemToCategories="N" ItemGroupCode="PROD" ItemID="461366" OrganizationCode="FCVColombiaInc" UnitOfMeasure="EACH">
    <PrimaryInformation ColorCode="" Description="Gaviscon (5+2.67+1.6)% Suspension Oral Frasco X 300mL Menta" ExtendedDescription="Gaviscon (5+2.67+1.6)% Suspension Oral Frasco X 300mL Menta" ImageID="ImglogoCV_OMS.jpg" ImageLocation="https://www.cruzverde.com.co/dw/image/v2/BDPM_PRD/on/demandware.static/-/Sites-masterCatalog_Colombia/default/dw2418520f/images/large/" IsDeliveryAllowed="Y" IsPickupAllowed="Y" IsProcurementAllowed="N" IsReturnable="Y" IsShippingAllowed="Y" ItemType="MP" ManufacturerName="RB HEALTH COLOMBIA SAS" ShortDescription="Gaviscon (5+2.67+1.6)% Suspension Oral Frasco X 300mL Menta" Status="3000"/>
    <InventoryParameters ATPRule="FCVColombia_ATP" InventoryMonitorRule="FCVColombia_RTAMATP" NodeLevelInventoryMonitorRule="FCVColombia_RTAMATP"/>
    <ItemAliasList>
      <ItemAlias Action="Modify" AliasName="EAN_VENDOR1" AliasValue="884248615049"/>
    </ItemAliasList>
    <Extn ExtnIsBioEquivalent="N" ExtnIsRegulatedItem="N" ExtnItemAroma="" ExtnItemCategory="OTHER" ExtnItemChemicalName="Sod " ExtnItemChemicalWeight="" ExtnItemDetails="" ExtnItemFormat="" ExtnItemVolUOM="cm3" ExtnItemVolume="0"/>
  </Item>
</ItemList>

[INFO]-[2022-01-19 13:29:47.243]-[TestNG-test=OMS-3]-[logRequestResponse]-[RequestPayload.java:174]-API Response received : 
[INFO]-[2022-01-19 13:29:47.245]-[TestNG-test=OMS-3]-[logRequestResponse]-[RequestPayload.java:175]-HTTP/1.1 204 No Content
X-FRAME-OPTIONS: SAMEORIGIN
X-UA-Compatible: IE=EmulateIE8
Access-Control-Max-Age: 3600
Access-Control-Allow-Credentials: true
Access-Control-Allow-Origin: *
Content-Language: en-US
Content-Length: 0
Date: Wed, 19 Jan 2022 07:59:47 GMT

[INFO]-[2022-01-19 13:29:47.274]-[TestNG-test=OMS-3]-[requestCreationInOMS]-[RequestHelper.java:96]-Pre-condition for Test: Adjust Inventory 
[INFO]-[2022-01-19 13:29:47.280]-[TestNG-test=OMS-3]-[sendAPIRequest]-[RestAssuredRequest.java:20]-Calling POST request with end point : https://localhost:9443/smcfs/restapi/invoke/adjustInventory
io.restassured.internal.RequestSpecificationImpl@38c70945
io.restassured.internal.RestAssuredResponseImpl@302a248
[INFO]-[2022-01-19 13:29:48.255]-[TestNG-test=OMS-3]-[logRequestResponse]-[RequestPayload.java:171]-API Request sent : 
[INFO]-[2022-01-19 13:29:48.256]-[TestNG-test=OMS-3]-[logRequestResponse]-[RequestPayload.java:172]-Request method:	POST
Request URI:	https://localhost:9443/smcfs/restapi/invoke/adjustInventory
Proxy:			<none>
Request params:	<none>
Query params:	<none>
Form params:	<none>
Path params:	<none>
Headers:		Accept=application/xml
				Authorization=Basic YWRtaW46cGFzc3dvcmQ=
				Content-Type=application/xml
Cookies:		<none>
Multiparts:		<none>
Body:
<Items>
  <Item AdjustmentType="ADJUSTMENT" ItemID="461366" OrganizationCode="FCVColombiaInc" ProductClass="REGULAR" Quantity="3" ShipNode="457" SupplyType="ONHAND" UnitOfMeasure="EACH"/>
</Items>

[INFO]-[2022-01-19 13:29:48.258]-[TestNG-test=OMS-3]-[logRequestResponse]-[RequestPayload.java:174]-API Response received : 
[INFO]-[2022-01-19 13:29:48.258]-[TestNG-test=OMS-3]-[logRequestResponse]-[RequestPayload.java:175]-HTTP/1.1 204 No Content
X-FRAME-OPTIONS: SAMEORIGIN
X-UA-Compatible: IE=EmulateIE8
Access-Control-Max-Age: 3600
Access-Control-Allow-Credentials: true
Access-Control-Allow-Origin: *
Content-Language: en-US
Content-Length: 0
Date: Wed, 19 Jan 2022 07:59:48 GMT

[INFO]-[2022-01-19 13:29:48.334]-[TestNG-test=OMS-3]-[requestCreationInOMS]-[RequestHelper.java:113]-Pre-condition for Test: Create Order 
[INFO]-[2022-01-19 13:29:48.338]-[TestNG-test=OMS-3]-[sendAPIRequest]-[RestAssuredRequest.java:20]-Calling POST request with end point : https://localhost:9443/smcfs/restapi/invoke/createOrder
io.restassured.internal.RequestSpecificationImpl@593a081e
io.restassured.internal.RestAssuredResponseImpl@6943259c
[INFO]-[2022-01-19 13:29:49.768]-[TestNG-test=OMS-3]-[logRequestResponse]-[RequestPayload.java:171]-API Request sent : 
[INFO]-[2022-01-19 13:29:49.769]-[TestNG-test=OMS-3]-[logRequestResponse]-[RequestPayload.java:172]-Request method:	POST
Request URI:	https://localhost:9443/smcfs/restapi/invoke/createOrder
Proxy:			<none>
Request params:	<none>
Query params:	<none>
Form params:	<none>
Path params:	<none>
Headers:		Accept=application/xml
				Authorization=Basic YWRtaW46cGFzc3dvcmQ=
				Content-Type=application/xml
Cookies:		<none>
Multiparts:		<none>
Body:
<Order AllocationRuleID="DIF_SCH" BillToID="00198505" CustomerContactID="" CustomerEMailID="tremere27@gmail.com" CustomerFirstName="test" CustomerLastName="test" CustomerPhoneNo="" DocumentType="0001" EnteredBy="00198505" EnterpriseCode="FCVColombia" EntryType="CustomerOnWeb" OrderNo="COCC60532141" OrderType="ONLINE" PaymentRuleId="FCVCOL_WEB_CARD_RULE" PaymentStatus="PAID" SellerOrganizationCode="FCV.CO">
  <PriceInfo Currency="COP"/>
  <Extn ExtnRUNRUTNIT="1010102239"/>
  <HeaderCharges>
    <HeaderCharge ChargeAmount="2990" ChargeCategory="SHIPPING" ChargeName="SHIPPING_CHARGE" IsManual="Y"/>
  </HeaderCharges>
  <HeaderTaxes>
    <HeaderTax ChargeCategory="TAX" ChargeName="SHIPPING_TAX" Tax="477" TaxName="SHIPPING_TAX" TaxableFlag="Y"/>
  </HeaderTaxes>
  <PersonInfoBillTo AddressLine1="Carrera 70 # 99-8" AddressLine2="" AddressLine4="Bogota" City="Bogota" Country="CO" DayPhone="(+57) 1111111111" EMailID="test_user_66074730@testuser.com" FirstName="test" LastName="test" State="Bogota"/>
  <PersonInfoShipTo AddressLine1="Carrera 70 # 99-8" AddressLine2="" AddressLine4="Bogota" City="Bogota" Country="CO" DayPhone="(+57) 1111111111" EMailID="test_user_66074730@testuser.com" FirstName="test" LastName="test" MobilePhone="(+57) 1111111111" State="Bogota"/>
  <OrderLines>
    <OrderLine DeliveryMethod="PICK" IsFirmPredefinedNode="Y" IsProcurementAllowed="Y" ItemGroupCode="PROD" LevelOfService="NextDay" LineType="CnC" OrderedQty="3" PrimeLineNo="1" ReqShipDate="2021-11-03T13:31:37.000Z" ShipNode="457" SubLineNo="1">
      <Item CostCurrency="COP" ItemID="461366" ItemShortDesc="Stevia Endulzante Natural X 200 Ta Caja X 200" ProductClass="REGULAR" UnitCost="11990" UnitOfMeasure="EACH"/>
      <LinePriceInfo IsPriceLocked="Y" ListPrice="11990" UnitPrice="11990"/>
      <Promotions>
        <Promotion PromotionId="001"/>
      </Promotions>
      <PersonInfoShipTo AddressLine1="Carrera 70 # 99-8" AddressLine2="" AddressLine4="Bogota" City="Bogota" Country="CO" DayPhone="(+57) 1111111111" EMailID="test_user_66074730@testuser.com" FirstName="test" LastName="test" Latitude="4.69381580" Longitude="-74.07590060" MobilePhone="(+57) 1111111111" State="Bogota"/>
      <Extn ExtnIsNightShipping="" ExtnIsPickUpByAuthPerson="N" ExtnIsPrescriptionHoldRequired="N" ExtnIsPrescriptionVerified="Y" ExtnVerifyPrescriptionAtPick="N"/>
      <LineTaxes>
        <LineTax ChargeCategory="TAX" ChargeName="SALES_TAX" Tax="1914" TaxName="SalesTax" TaxableFlag="Y"/>
      </LineTaxes>
    </OrderLine>
  </OrderLines>
  <PaymentMethods>
    <PaymentMethod ChargeSequence="1" CreditCardExpDate="20251101" CreditCardName="Luis Gino Beltran" CreditCardNo="371180" CreditCardType="AMEX" DisplayCreditCardNo="7522" FirstName="371180" LastName="Gino Beltran" MaxChargeLimit="35970.00" PaymentReference1="" PaymentReference2="MPAGO_CREDIT" PaymentReference3="1023936477" PaymentReference4="3" PaymentReference5="" PaymentReference6="MercadoPago" PaymentReference7="" PaymentReference8="" PaymentReference9="486481632" PaymentType="CREDIT_CARD" UnlimitedCharges="N">
      <PersonInfoBillTo AddressLine1="Carrera 70 # 99-8" AddressLine2="" AddressLine4="Bogota" City="Bogota" Country="CO" DayPhone="(+57) 1111111111" EMailID="test_user_66074730@testuser.com" FirstName="test" LastName="test" State="Bogota"/>
      <PaymentDetailsList>
        <PaymentDetails AuthCode="1234546089" AuthorizationID="" ChargeType="CHARGE" ProcessedAmount="35970.00" RequestAmount="35970.00" RequestProcessed="Y"/>
      </PaymentDetailsList>
    </PaymentMethod>
  </PaymentMethods>
</Order>

[INFO]-[2022-01-19 13:29:49.771]-[TestNG-test=OMS-3]-[logRequestResponse]-[RequestPayload.java:174]-API Response received : 
[INFO]-[2022-01-19 13:29:49.771]-[TestNG-test=OMS-3]-[logRequestResponse]-[RequestPayload.java:175]-HTTP/1.1 200 OK
X-FRAME-OPTIONS: SAMEORIGIN
X-UA-Compatible: IE=EmulateIE8
Access-Control-Max-Age: 3600
Access-Control-Allow-Credentials: true
Access-Control-Allow-Origin: *
Content-Type: application/xml; charset=UTF-8
Content-Encoding: gzip
Content-Language: en-US
Content-Length: 164
Date: Wed, 19 Jan 2022 07:59:50 GMT

<Order DocumentType="0001" EnterpriseCode="FCVColombia" OrderHeaderKey="2022011907594968172406" OrderNo="COCC60532141"/>

[INFO]-[2022-01-19 13:29:52.762]-[TestNG-test=OMS-3]-[requestCreationInOMS]-[RequestHelper.java:140]-Pre-condition for Test: getOrderDetails
[INFO]-[2022-01-19 13:29:52.774]-[TestNG-test=OMS-3]-[sendAPIRequest]-[RestAssuredRequest.java:20]-Calling POST request with end point : https://localhost:9443/smcfs/restapi/invoke/getOrderDetails
io.restassured.internal.RequestSpecificationImpl@3ce54e5e
io.restassured.internal.RestAssuredResponseImpl@25fbb0b7
[INFO]-[2022-01-19 13:29:54.751]-[TestNG-test=OMS-3]-[logRequestResponse]-[RequestPayload.java:171]-API Request sent : 
[INFO]-[2022-01-19 13:29:54.752]-[TestNG-test=OMS-3]-[logRequestResponse]-[RequestPayload.java:172]-Request method:	POST
Request URI:	https://localhost:9443/smcfs/restapi/invoke/getOrderDetails
Proxy:			<none>
Request params:	<none>
Query params:	<none>
Form params:	<none>
Path params:	<none>
Headers:		Accept=application/xml
				Authorization=Basic YWRtaW46cGFzc3dvcmQ=
				Content-Type=application/xml
Cookies:		<none>
Multiparts:		<none>
Body:
<Order DocumentType="0001" EnterpriseCode="FCVColombia" OrderHeaderKey="" OrderNo="COCC60532141"/>

[INFO]-[2022-01-19 13:29:54.754]-[TestNG-test=OMS-3]-[logRequestResponse]-[RequestPayload.java:174]-API Response received : 
[INFO]-[2022-01-19 13:29:54.755]-[TestNG-test=OMS-3]-[logRequestResponse]-[RequestPayload.java:175]-HTTP/1.1 200 OK
X-FRAME-OPTIONS: SAMEORIGIN
X-UA-Compatible: IE=EmulateIE8
Access-Control-Max-Age: 3600
Access-Control-Allow-Credentials: true
Access-Control-Allow-Origin: *
Content-Type: application/xml; charset=UTF-8
Content-Encoding: gzip
Content-Language: en-US
Content-Length: 3958
Date: Wed, 19 Jan 2022 07:59:55 GMT

<Order AllocationRuleID="DIF_SCH" AuthorizationExpirationDate="2022-01-19T07:59:49+00:00" BillToID="00198505" BuyerOrganizationCode="FCV.CO" CarrierAccountNo="" CarrierServiceCode="" ChainType="" ChargeActualFreightFlag="N" CustCustPONo="" CustomerEMailID="tremere27@gmail.com" CustomerPONo="" DeliveryCode="" Division="" DocumentType="0001" DraftOrderFlag="N" EnteredBy="00198505" EnterpriseCode="FCVColombia" EntryType="CustomerOnWeb" FreightTerms="" HasDeliveryLines="N" HasProductLines="Y" HasServiceLines="N" HoldFlag="N" HoldReasonCode="" MaxOrderStatus="1100" MaxOrderStatusDesc="Created" MinOrderStatus="1100" MinOrderStatusDesc="Created" NotifyAfterShipmentFlag="N" OrderDate="2022-01-19T07:59:49+00:00" OrderHeaderKey="2022011907594968172406" OrderName="" OrderNo="COCC60532141" OrderType="PICK" OriginalTax="0.00" OriginalTotalAmount="38960.00" OtherCharges="2990.00" PaymentStatus="PAID" PendingTransferIn="0.00" PersonalizeCode="" PriorityCode="" PriorityNumber="0" Purpose="" ReturnByGiftRecipient="" SCAC="" ScacAndService="" ScacAndServiceKey="" SearchCriteria1="" SearchCriteria2="" SellerOrganizationCode="FCV.CO" ShipToID="00198505" Status="Created" TaxExemptFlag="N" TaxExemptionCertificate="" TaxJurisdiction="" TaxPayerId="" TermsCode="" TotalAdjustmentAmount="0.00" isHistory="N">
  <AllowedModifications>
    <Modification ModificationType="REMOVE_PROMOTION" ThroughOverride="N"/>
    <Modification ModificationType="ORDER_NAME" ThroughOverride="N"/>
    <Modification ModificationType="CONTACT_INFO" ThroughOverride="N"/>
    <Modification ModificationType="CHANGE_ITERATION" ThroughOverride="Y"/>
    <Modification ModificationType="BILLTO" ThroughOverride="N"/>
    <Modification ModificationType="TAX" ThroughOverride="N"/>
    <Modification ModificationType="CHANGE_PROMOTION" ThroughOverride="N"/>
    <Modification ModificationType="SHIPTO" ThroughOverride="N"/>
    <Modification ModificationType="FREIGHT_TERMS" ThroughOverride="N"/>
    <Modification ModificationType="ADD_NOTE" ThroughOverride="N"/>
    <Modification ModificationType="CHANGE_STATUS" ThroughOverride="Y"/>
    <Modification ModificationType="ADD_LINE" ThroughOverride="N"/>
    <Modification ModificationType="CARRIER" ThroughOverride="N"/>
    <Modification ModificationType="ADDITIONADDR" ThroughOverride="N"/>
    <Modification ModificationType="SOLDTO" ThroughOverride="N"/>
    <Modification ModificationType="REQ_SHIP_DATE" ThroughOverride="N"/>
    <Modification ModificationType="PAYMENT_STATUS" ThroughOverride="N"/>
    <Modification ModificationType="ADD_INSTRUCTION" ThroughOverride="N"/>
    <Modification ModificationType="CHANGE_NOTE" ThroughOverride="Y"/>
    <Modification ModificationType="CARRIER_ACCOUNT_NO" ThroughOverride="N"/>
    <Modification ModificationType="CHANGE_ORDER_DATE" ThroughOverride="N"/>
    <Modification ModificationType="REMOVE_NOTE" ThroughOverride="N"/>
    <Modification ModificationType="CHANGE_SCHEDULE" ThroughOverride="N"/>
    <Modification ModificationType="HOLD" ThroughOverride="N"/>
    <Modification ModificationType="SPECIAL_SERVICE" ThroughOverride="N"/>
    <Modification ModificationType="RULE_ID" ThroughOverride="N"/>
    <Modification ModificationType="PRICE" ThroughOverride="N"/>
    <Modification ModificationType="CARRIER_SERVICE_CODE" ThroughOverride="N"/>
    <Modification ModificationType="PAYMENT_METHOD" ThroughOverride="N"/>
    <Modification ModificationType="CHANGE_CUSTOM_ATTRIBUTES" ThroughOverride="N"/>
    <Modification ModificationType="RELEASE" ThroughOverride="N"/>
    <Modification ModificationType="SHIP_NODE" ThroughOverride="N"/>
    <Modification ModificationType="ANSWER_SET" ThroughOverride="N"/>
    <Modification ModificationType="MARKFOR" ThroughOverride="N"/>
    <Modification ModificationType="RECEIVING_NODE" ThroughOverride="N"/>
    <Modification ModificationType="SHORT" ThroughOverride="N"/>
    <Modification ModificationType="BUYER_USER_ID" ThroughOverride="Y"/>
    <Modification ModificationType="OTHERS" ThroughOverride="N"/>
    <Modification ModificationType="DELIVERY_CODE" ThroughOverride="N"/>
    <Modification ModificationType="LEVEL_OF_SERVICE" ThroughOverride="Y"/>
    <Modification ModificationType="CANCEL" ThroughOverride="N"/>
    <Modification ModificationType="CHANGE_INSTRUCTION" ThroughOverride="N"/>
    <Modification ModificationType="HOLD_TYPE" ThroughOverride="N"/>
    <Modification ModificationType="REFERENCES" ThroughOverride="N"/>
  </AllowedModifications>
  <PriceInfo Currency="COP" EnterpriseCurrency="COP" ReportingConversionDate="2022-01-19T07:59:49+00:00" ReportingConversionRate="1.00" TotalAmount="38960.00"/>
  <OrderLines>
    <OrderLine AllocationDate="2021-11-03" ApptStatus="" AwaitingDeliveryRequest="N" CanAddServiceLines="N" CarrierAccountNo="" CarrierServiceCode="" CustomerLinePONo="" CustomerPONo="" DeliveryCode="" DeliveryMethod="PICK" DepartmentCode="" FreightTerms="" FulfillmentType="" HasDeliveryLines="N" HasServiceLines="N" HoldFlag="N" HoldReasonCode="" ImportLicenseNo="" InvoicedQty="0" IsBundleParent="N" ItemGroupCode="PROD" KitCode="" LineSeqNo="1.1" LineType="CnC" MaxLineStatus="1100" MaxLineStatusDesc="Created" MinLineStatus="1100" MinLineStatusDesc="Created" OpenQty="3" OrderHeaderKey="2022011907594968172406" OrderLineKey="2022011907594968172407" OrderedQty="3" OriginalOrderedQty="3" OtherCharges="0.00" PackListType="" PersonalizeCode="" PersonalizeFlag="" PickableFlag="Y" PrimeLineNo="1" Purpose="" RemainingQty="3" ReqShipDate="2021-11-03T13:31:37+00:00" ReservationID="" ReservationPool="" SCAC="" ScacAndService="" ScacAndServiceKey="" Segment="" SegmentType="" SerialNo="" ShipNode="457" ShipToID="00198505" ShipTogetherNo="" SplitQty="0" Status="Created" StatusQuantity="3" SubLineNo="1" SubstituteItemID="" SubstituteItemUOM="" isHistory="N">
      <Item CostCurrency="COP" CountryOfOrigin="" CustomerItem="461366" CustomerItemDesc="Gaviscon (5+2.67+1.6)% Suspension Oral Frasco X 300mL Menta" ECCNNo="" HarmonizedCode="" ISBN="" ItemDesc="Gaviscon (5+2.67+1.6)% Suspension Oral Frasco X 300mL Menta" ItemID="461366" ItemShortDesc="Stevia Endulzante Natural X 200 Ta Caja X 200" ItemWeight="0.00" ItemWeightUOM="LBS" ManufacturerItem="" ManufacturerItemDesc="" ManufacturerName="RB HEALTH COLOMBIA SAS" NMFCClass="" NMFCCode="" NMFCDescription="" ProductClass="REGULAR" ProductLine="" ScheduleBCode="" SupplierItem="" SupplierItemDesc="" TaxProductCode="" UPCCode="" UnitCost="11990.00" UnitOfMeasure="EACH"/>
      <LinePriceInfo ActualPricingQty="3" DiscountPercentage="0.00" InvoicedPricingQty="0" IsPriceLocked="Y" LineTotal="35970.00" ListPrice="11990.00" OrderedPricingQty="3" PricingQtyConversionFactor="0" PricingUOM="EACH" RetailPrice="0.00" SettledAmount="0.00" SettledQuantity="0" TaxableFlag="N" UnitPrice="11990.00"/>
      <OrderLineOptions/>
      <WorkOrders NumberOfWorkOrders="0"/>
      <PersonInfoShipTo AddressLine1="Carrera 70 # 99-8" AddressLine2="" AddressLine3="" AddressLine4="Bogota" AddressLine5="" AddressLine6="" AlternateEmailID="" Beeper="" City="Bogota" Company="" Country="CO" DayFaxNo="" DayPhone="(+57) 1111111111" Department="" EMailID="test_user_66074730@testuser.com" EveningFaxNo="" EveningPhone="" FirstName="test" JobTitle="" LastName="test" MiddleName="" MobilePhone="(+57) 1111111111" OtherPhone="" PersonID="" PersonInfoKey="2021112515060161885970" State="Bogota" Suffix="" Title="" ZipCode=""/>
      <Instructions NumberOfInstructions="0"/>
      <References/>
      <KitLines NumberOfKitLines="0"/>
      <ProductItems/>
      <AdditionalAddresses NumberOfAdditionalAddresses="0"/>
      <Notes NumberOfNotes="0"/>
      <ServiceAssociations/>
      <ProductAssociations/>
      <DeliveryAssociations/>
      <Schedules>
        <Schedule ExpectedDeliveryDate="2021-11-03T13:31:37+00:00" ExpectedShipmentDate="2021-11-03T13:31:37+00:00" OrderHeaderKey="2022011907594968172406" OrderLineKey="2022011907594968172407" OrderLineScheduleKey="202201190713594968172412" Quantity="3" ScheduleNo="1" TagNumber=""/>
      </Schedules>
      <LineOverallTotals Charges="0.00" Discount="0.00" ExtendedPrice="35970.00" LineTotal="35970.00" OptionPrice="0.00" PricingQty="3.00" Tax="0.00" UnitPrice="11990.00"/>
      <LineInvoicedTotals AdditionalLinePriceTotal="0.00" Charges="0.00" Discount="0.00" ExtendedPrice="0.00" LineTotal="0.00" OptionPrice="0.00" PricingQty="0.00" Tax="0.00" UnitPrice="0.00"/>
      <LineRemainingTotals AdditionalLinePriceTotal="0.00" Charges="0.00" Discount="0.00" ExtendedPrice="35970.00" LineTotal="35970.00" OptionPrice="0.00" PricingQty="3.00" Tax="0.00" UnitPrice="11990.00"/>
      <LineCharges/>
      <LineTaxes>
        <LineTax ChargeCategory="TAX" ChargeName="SALES_TAX" ChargeNameKey="20200210111055508944842" InvoicedTax="0.00" Reference_1="" Reference_2="" Reference_3="" RemainingTax="1914.00" Tax="1914.00" TaxName="SalesTax" TaxPercentage="0.00"/>
        <TaxSummary>
          <TaxSummaryDetail InvoicedTax="0.00" OverallTax="1914.00" RemainingTax="1914.00" TaxName="SalesTax"/>
        </TaxSummary>
      </LineTaxes>
      <OrderStatuses>
        <OrderStatus OrderHeaderKey="2022011907594968172406" OrderLineKey="2022011907594968172407" OrderLineScheduleKey="202201190713594968172412" OrderReleaseStatusKey="202201190728594968172413" PipelineKey="202004200551401016291479" ShipNode="457" Status="1100" StatusDate="2022-01-19T07:59:49+00:00" StatusDescription="Created" StatusQty="3" TotalQuantity="3">
          <Details ExpectedDeliveryDate="2021-11-03T13:31:37+00:00" ExpectedShipmentDate="2021-11-03T13:31:37+00:00" TagNumber="">
            <KitDetails/>
          </Details>
        </OrderStatus>
      </OrderStatuses>
      <CapacityAllocations/>
    </OrderLine>
  </OrderLines>
  <Instructions NumberOfInstructions="0"/>
  <PersonInfoShipTo AddressLine1="Carrera 70 # 99-8" AddressLine2="" AddressLine3="" AddressLine4="Bogota" AddressLine5="" AddressLine6="" AlternateEmailID="" Beeper="" City="Bogota" Company="" Country="CO" DayFaxNo="" DayPhone="(+57) 1111111111" Department="" EMailID="test_user_66074730@testuser.com" EveningFaxNo="" EveningPhone="" FirstName="test" JobTitle="" LastName="test" MiddleName="" MobilePhone="(+57) 1111111111" OtherPhone="" PersonID="" PersonInfoKey="2021112515060161885970" State="Bogota" Suffix="" Title="" ZipCode=""/>
  <PersonInfoBillTo AddressLine1="Carrera 70 # 99-8" AddressLine2="" AddressLine3="" AddressLine4="Bogota" AddressLine5="" AddressLine6="" AlternateEmailID="" Beeper="" City="Bogota" Company="" Country="CO" DayFaxNo="" DayPhone="(+57) 1111111111" Department="" EMailID="test_user_66074730@testuser.com" EveningFaxNo="" EveningPhone="" FirstName="test" JobTitle="" LastName="test" MiddleName="" MobilePhone="" OtherPhone="" PersonID="" PersonInfoKey="2021112515060161885971" State="Bogota" Suffix="" Title="" ZipCode=""/>
  <AdditionalAddresses NumberOfAdditionalAddresses="0"/>
  <References/>
  <PaymentMethods>
    <PaymentMethod CheckNo="" CheckReference="" CreditCardExpDate="20251101" CreditCardName="Luis Gino Beltran" CreditCardNo="371180" CreditCardType="AMEX" CustomerPONo="" DisplayCreditCardNo="7522" DisplayCustomerAccountNo="" DisplayPaymentReference1="" DisplaySvcNo="" FundsAvailable="0.00" GetFundsAvailableUserExitInvoked="N" PaymentReference1="" PaymentReference2="MPAGO_CREDIT" PaymentReference3="1023936477" PaymentType="CREDIT_CARD"/>
  </PaymentMethods>
  <ChargeTransactionDetails AdditionalExpectedAuthorizations="0.00" TotalCredits="35970.00" TotalDebits="0.00" TotalOpenAuthorizations="0.00" TotalOpenBookings="38960.00" TotalTransferredIn="0.00" TotalTransferredOut="0.00">
    <ChargeTransactionDetail AuditTransactionID="" AuthorizationExpirationDate="2022-01-19T07:59:49+00:00" AuthorizationID="" BookAmount="0.00" ChargeTransactionKey="2022011907594968172409" ChargeType="CHARGE" CollectionDate="2022-01-19T07:59:49+00:00" CreditAmount="35970.00" DebitAmount="0.00" DistributedAmount="0.00" HoldAgainstBook="Y" OpenAuthorizedAmount="0.00" OrderHeaderKey="2022011907594968172406" OrderInvoiceKey="" PaymentKey="202201190768594968172408" RequestAmount="35970.00" SettledAmount="0.00" Status="CLOSED" TransactionDate="2022-01-19T07:59:49+00:00" TransferFromOhKey="" TransferToOhKey="" UserExitStatus="">
      <InvoiceCollectionDetails/>
      <CreditCardTransactions>
        <CreditCardTransaction AuthAmount="35970.00" AuthAvs="" AuthCode="1234546089" AuthReturnCode="" AuthReturnFlag="" AuthReturnMessage="" AuthTime="2022-01-19T07:59:49+00:00" CVVAuthCode="" ChargeTransactionKey="2022011907594968172409" CreditCardTransactionKey="202201190757594968172410" InternalReturnCode="" InternalReturnFlag="" InternalReturnMessage="" ParentKey="" Reference1="" Reference2="" RequestId="" TranAmount="35970.00" TranRequestTime="2022-01-19T07:59:49+00:00" TranReturnCode="" TranReturnFlag="" TranReturnMessage="" TranType="CHARGE"/>
      </CreditCardTransactions>
      <TransferToOrder/>
      <TransferFromOrder/>
    </ChargeTransactionDetail>
    <ChargeTransactionDetail AuditTransactionID="" AuthorizationExpirationDate="2022-01-19T07:59:49+00:00" AuthorizationID="" BookAmount="38960.00" ChargeTransactionKey="2022011907594968172415" ChargeType="CREATE_ORDER" CollectionDate="2022-01-19T07:59:49+00:00" CreditAmount="0.00" DebitAmount="0.00" DistributedAmount="0.00" HoldAgainstBook="" OpenAuthorizedAmount="0.00" OrderHeaderKey="2022011907594968172406" OrderInvoiceKey="" PaymentKey="" RequestAmount="0.00" SettledAmount="0.00" Status="OPEN" TransactionDate="2022-01-19T07:59:49+00:00" TransferFromOhKey="" TransferToOhKey="" UserExitStatus="">
      <InvoiceCollectionDetails/>
      <CreditCardTransactions/>
      <TransferToOrder/>
      <TransferFromOrder/>
    </ChargeTransactionDetail>
  </ChargeTransactionDetails>
  <ProductServiceAssocs/>
  <OverallTotals GrandCharges="2990.00" GrandDiscount="0.00" GrandTax="0.00" GrandTotal="38960.00" HdrCharges="2990.00" HdrDiscount="0.00" HdrTax="0.00" HdrTotal="2990.00" LineSubTotal="35970.00"/>
  <InvoicedTotals GrandCharges="0.00" GrandDiscount="0.00" GrandTax="0.00" GrandTotal="0.00" HdrCharges="0.00" HdrDiscount="0.00" HdrTax="0.00" HdrTotal="0.00" LineSubTotal="0.00"/>
  <RemainingTotals GrandCharges="2990.00" GrandDiscount="0.00" GrandTax="0.00" GrandTotal="38960.00" HdrCharges="2990.00" HdrDiscount="0.00" HdrTax="0.00" HdrTotal="2990.00" LineSubTotal="35970.00"/>
  <HeaderCharges>
    <HeaderCharge ChargeAmount="2990.00" ChargeCategory="SHIPPING" ChargeName="SHIPPING_CHARGE" ChargeNameKey="20200210110952508937952" InvoicedChargeAmount="0.00" IsBillable="Y" IsDiscount="N" Reference="" RemainingChargeAmount="2990.00"/>
  </HeaderCharges>
  <HeaderTaxes>
    <HeaderTax ChargeCategory="TAX" ChargeName="SHIPPING_TAX" ChargeNameKey="20200210111104508945910" InvoicedTax="0.00" Reference_1="" Reference_2="" Reference_3="" RemainingTax="477.00" Tax="477.00" TaxName="SHIPPING_TAX" TaxPercentage="0.00" TaxableFlag="Y"/>
    <TaxSummary>
      <TaxSummaryDetail InvoicedTax="0.00" OverallTax="477.00" RemainingTax="477.00" TaxName="SHIPPING_TAX"/>
    </TaxSummary>
  </HeaderTaxes>
  <OrderStatuses>
    <OrderStatus OrderHeaderKey="2022011907594968172406" OrderLineKey="2022011907594968172407" OrderLineScheduleKey="202201190713594968172412" OrderReleaseStatusKey="202201190728594968172413" PipelineKey="202004200551401016291479" ShipNode="457" Status="1100" StatusDate="2022-01-19T07:59:49+00:00" StatusDescription="Created" StatusQty="3" TotalQuantity="3">
      <Details ExpectedDeliveryDate="2021-11-03T13:31:37+00:00" ExpectedShipmentDate="2021-11-03T13:31:37+00:00" TagNumber=""/>
    </OrderStatus>
  </OrderStatuses>
  <ExchangeOrders/>
</Order>

[INFO]-[2022-01-19 13:29:55.253]-[TestNG-test=OMS-3]-[requestCreationInOMS]-[RequestHelper.java:175]-Pre-condition for Test: Change Order for resolving the holds
[INFO]-[2022-01-19 13:29:55.259]-[TestNG-test=OMS-3]-[sendAPIRequest]-[RestAssuredRequest.java:20]-Calling POST request with end point : https://localhost:9443/smcfs/restapi/invoke/scheduleOrder
io.restassured.internal.RequestSpecificationImpl@6bee7193
io.restassured.internal.RestAssuredResponseImpl@247ea59d
[INFO]-[2022-01-19 13:29:56.690]-[TestNG-test=OMS-3]-[logRequestResponse]-[RequestPayload.java:171]-API Request sent : 
[INFO]-[2022-01-19 13:29:56.691]-[TestNG-test=OMS-3]-[logRequestResponse]-[RequestPayload.java:172]-Request method:	POST
Request URI:	https://localhost:9443/smcfs/restapi/invoke/scheduleOrder
Proxy:			<none>
Request params:	<none>
Query params:	<none>
Form params:	<none>
Path params:	<none>
Headers:		Accept=application/xml
				Authorization=Basic YWRtaW46cGFzc3dvcmQ=
				Content-Type=application/xml
Cookies:		<none>
Multiparts:		<none>
Body:
<ScheduleOrder CheckInventory="Y" DocumentType="0001" EnterpriseCode="FCVColombia" OrderHeaderKey="" OrderNo="COCC60532141"/>

[INFO]-[2022-01-19 13:29:56.693]-[TestNG-test=OMS-3]-[logRequestResponse]-[RequestPayload.java:174]-API Response received : 
[INFO]-[2022-01-19 13:29:56.694]-[TestNG-test=OMS-3]-[logRequestResponse]-[RequestPayload.java:175]-HTTP/1.1 204 No Content
X-FRAME-OPTIONS: SAMEORIGIN
X-UA-Compatible: IE=EmulateIE8
Access-Control-Max-Age: 3600
Access-Control-Allow-Credentials: true
Access-Control-Allow-Origin: *
Content-Language: en-US
Content-Length: 0
Date: Wed, 19 Jan 2022 07:59:56 GMT

[INFO]-[2022-01-19 13:29:56.707]-[TestNG-test=OMS-3]-[requestCreationInOMS]-[RequestHelper.java:140]-Pre-condition for Test: getOrderDetails
[INFO]-[2022-01-19 13:29:56.717]-[TestNG-test=OMS-3]-[sendAPIRequest]-[RestAssuredRequest.java:20]-Calling POST request with end point : https://localhost:9443/smcfs/restapi/invoke/getOrderDetails
io.restassured.internal.RequestSpecificationImpl@265b0f5c
io.restassured.internal.RestAssuredResponseImpl@218f3f67
[INFO]-[2022-01-19 13:29:58.194]-[TestNG-test=OMS-3]-[logRequestResponse]-[RequestPayload.java:171]-API Request sent : 
[INFO]-[2022-01-19 13:29:58.198]-[TestNG-test=OMS-3]-[logRequestResponse]-[RequestPayload.java:172]-Request method:	POST
Request URI:	https://localhost:9443/smcfs/restapi/invoke/getOrderDetails
Proxy:			<none>
Request params:	<none>
Query params:	<none>
Form params:	<none>
Path params:	<none>
Headers:		Accept=application/xml
				Authorization=Basic YWRtaW46cGFzc3dvcmQ=
				Content-Type=application/xml
Cookies:		<none>
Multiparts:		<none>
Body:
<Order DocumentType="0001" EnterpriseCode="FCVColombia" OrderHeaderKey="" OrderNo="COCC60532141"/>

[INFO]-[2022-01-19 13:29:58.200]-[TestNG-test=OMS-3]-[logRequestResponse]-[RequestPayload.java:174]-API Response received : 
[INFO]-[2022-01-19 13:29:58.201]-[TestNG-test=OMS-3]-[logRequestResponse]-[RequestPayload.java:175]-HTTP/1.1 200 OK
X-FRAME-OPTIONS: SAMEORIGIN
X-UA-Compatible: IE=EmulateIE8
Access-Control-Max-Age: 3600
Access-Control-Allow-Credentials: true
Access-Control-Allow-Origin: *
Content-Type: application/xml; charset=UTF-8
Content-Encoding: gzip
Content-Language: en-US
Content-Length: 3976
Date: Wed, 19 Jan 2022 07:59:58 GMT

<Order AllocationRuleID="DIF_SCH" AuthorizationExpirationDate="2022-01-19T07:59:49+00:00" BillToID="00198505" BuyerOrganizationCode="FCV.CO" CarrierAccountNo="" CarrierServiceCode="" ChainType="" ChargeActualFreightFlag="N" CustCustPONo="" CustomerEMailID="tremere27@gmail.com" CustomerPONo="" DeliveryCode="" Division="" DocumentType="0001" DraftOrderFlag="N" EnteredBy="00198505" EnterpriseCode="FCVColombia" EntryType="CustomerOnWeb" FreightTerms="" HasDeliveryLines="N" HasProductLines="Y" HasServiceLines="N" HoldFlag="N" HoldReasonCode="" MaxOrderStatus="1500" MaxOrderStatusDesc="Scheduled" MinOrderStatus="1500" MinOrderStatusDesc="Scheduled" NotifyAfterShipmentFlag="N" OrderDate="2022-01-19T07:59:49+00:00" OrderHeaderKey="2022011907594968172406" OrderName="" OrderNo="COCC60532141" OrderType="PICK" OriginalTax="0.00" OriginalTotalAmount="38960.00" OtherCharges="2990.00" PaymentStatus="PAID" PendingTransferIn="0.00" PersonalizeCode="" PriorityCode="" PriorityNumber="0" Purpose="" ReturnByGiftRecipient="" SCAC="" ScacAndService="" ScacAndServiceKey="" SearchCriteria1="" SearchCriteria2="" SellerOrganizationCode="FCV.CO" ShipToID="00198505" Status="Scheduled" TaxExemptFlag="N" TaxExemptionCertificate="" TaxJurisdiction="" TaxPayerId="" TermsCode="" TotalAdjustmentAmount="0.00" isHistory="N">
  <AllowedModifications>
    <Modification ModificationType="REMOVE_PROMOTION" ThroughOverride="Y"/>
    <Modification ModificationType="ORDER_NAME" ThroughOverride="Y"/>
    <Modification ModificationType="CONTACT_INFO" ThroughOverride="Y"/>
    <Modification ModificationType="CHANGE_ITERATION" ThroughOverride="Y"/>
    <Modification ModificationType="BILLTO" ThroughOverride="Y"/>
    <Modification ModificationType="TAX" ThroughOverride="Y"/>
    <Modification ModificationType="CHANGE_PROMOTION" ThroughOverride="Y"/>
    <Modification ModificationType="SHIPTO" ThroughOverride="Y"/>
    <Modification ModificationType="FREIGHT_TERMS" ThroughOverride="Y"/>
    <Modification ModificationType="ADD_NOTE" ThroughOverride="N"/>
    <Modification ModificationType="CHANGE_STATUS" ThroughOverride="Y"/>
    <Modification ModificationType="ADD_LINE" ThroughOverride="Y"/>
    <Modification ModificationType="CARRIER" ThroughOverride="Y"/>
    <Modification ModificationType="ADDITIONADDR" ThroughOverride="Y"/>
    <Modification ModificationType="SOLDTO" ThroughOverride="Y"/>
    <Modification ModificationType="REQ_SHIP_DATE" ThroughOverride="Y"/>
    <Modification ModificationType="PAYMENT_STATUS" ThroughOverride="Y"/>
    <Modification ModificationType="ADD_INSTRUCTION" ThroughOverride="Y"/>
    <Modification ModificationType="CHANGE_NOTE" ThroughOverride="Y"/>
    <Modification ModificationType="CARRIER_ACCOUNT_NO" ThroughOverride="Y"/>
    <Modification ModificationType="CHANGE_ORDER_DATE" ThroughOverride="Y"/>
    <Modification ModificationType="REMOVE_NOTE" ThroughOverride="Y"/>
    <Modification ModificationType="CHANGE_SCHEDULE" ThroughOverride="Y"/>
    <Modification ModificationType="HOLD" ThroughOverride="N"/>
    <Modification ModificationType="SPECIAL_SERVICE" ThroughOverride="Y"/>
    <Modification ModificationType="RULE_ID" ThroughOverride="N"/>
    <Modification ModificationType="PRICE" ThroughOverride="Y"/>
    <Modification ModificationType="CARRIER_SERVICE_CODE" ThroughOverride="Y"/>
    <Modification ModificationType="PAYMENT_METHOD" ThroughOverride="Y"/>
    <Modification ModificationType="CHANGE_CUSTOM_ATTRIBUTES" ThroughOverride="N"/>
    <Modification ModificationType="RELEASE" ThroughOverride="N"/>
    <Modification ModificationType="SHIP_NODE" ThroughOverride="N"/>
    <Modification ModificationType="ANSWER_SET" ThroughOverride="Y"/>
    <Modification ModificationType="MARKFOR" ThroughOverride="Y"/>
    <Modification ModificationType="RECEIVING_NODE" ThroughOverride="Y"/>
    <Modification ModificationType="SHORT" ThroughOverride="Y"/>
    <Modification ModificationType="BUYER_USER_ID" ThroughOverride="Y"/>
    <Modification ModificationType="OTHERS" ThroughOverride="N"/>
    <Modification ModificationType="DELIVERY_CODE" ThroughOverride="Y"/>
    <Modification ModificationType="LEVEL_OF_SERVICE" ThroughOverride="Y"/>
    <Modification ModificationType="CANCEL" ThroughOverride="N"/>
    <Modification ModificationType="UNSCHEDULE" ThroughOverride="N"/>
    <Modification ModificationType="CHANGE_INSTRUCTION" ThroughOverride="Y"/>
    <Modification ModificationType="HOLD_TYPE" ThroughOverride="N"/>
    <Modification ModificationType="REFERENCES" ThroughOverride="Y"/>
  </AllowedModifications>
  <PriceInfo Currency="COP" EnterpriseCurrency="COP" ReportingConversionDate="2022-01-19T07:59:49+00:00" ReportingConversionRate="1.00" TotalAmount="38960.00"/>
  <OrderLines>
    <OrderLine AllocationDate="2021-11-03" ApptStatus="" AwaitingDeliveryRequest="N" CanAddServiceLines="N" CarrierAccountNo="" CarrierServiceCode="" CustomerLinePONo="" CustomerPONo="" DeliveryCode="" DeliveryMethod="PICK" DepartmentCode="" FreightTerms="" FulfillmentType="" HasDeliveryLines="N" HasServiceLines="N" HoldFlag="N" HoldReasonCode="" ImportLicenseNo="" InvoicedQty="0" IsBundleParent="N" ItemGroupCode="PROD" KitCode="" LineSeqNo="1.1" LineType="CnC" MaxLineStatus="1500" MaxLineStatusDesc="Scheduled" MinLineStatus="1500" MinLineStatusDesc="Scheduled" OpenQty="3" OrderHeaderKey="2022011907594968172406" OrderLineKey="2022011907594968172407" OrderedQty="3" OriginalOrderedQty="3" OtherCharges="0.00" PackListType="" PersonalizeCode="" PersonalizeFlag="" PickableFlag="Y" PrimeLineNo="1" Purpose="" RemainingQty="3" ReqShipDate="2021-11-03T13:31:37+00:00" ReservationID="" ReservationPool="" SCAC="" ScacAndService="" ScacAndServiceKey="" Segment="" SegmentType="" SerialNo="" ShipNode="457" ShipToID="00198505" ShipTogetherNo="" SplitQty="0" Status="Scheduled" StatusQuantity="3" SubLineNo="1" SubstituteItemID="" SubstituteItemUOM="" isHistory="N">
      <Item CostCurrency="COP" CountryOfOrigin="" CustomerItem="461366" CustomerItemDesc="Gaviscon (5+2.67+1.6)% Suspension Oral Frasco X 300mL Menta" ECCNNo="" HarmonizedCode="" ISBN="" ItemDesc="Gaviscon (5+2.67+1.6)% Suspension Oral Frasco X 300mL Menta" ItemID="461366" ItemShortDesc="Stevia Endulzante Natural X 200 Ta Caja X 200" ItemWeight="0.00" ItemWeightUOM="LBS" ManufacturerItem="" ManufacturerItemDesc="" ManufacturerName="RB HEALTH COLOMBIA SAS" NMFCClass="" NMFCCode="" NMFCDescription="" ProductClass="REGULAR" ProductLine="" ScheduleBCode="" SupplierItem="" SupplierItemDesc="" TaxProductCode="" UPCCode="" UnitCost="11990.00" UnitOfMeasure="EACH"/>
      <LinePriceInfo ActualPricingQty="3" DiscountPercentage="0.00" InvoicedPricingQty="0" IsPriceLocked="Y" LineTotal="35970.00" ListPrice="11990.00" OrderedPricingQty="3" PricingQtyConversionFactor="0" PricingUOM="EACH" RetailPrice="0.00" SettledAmount="0.00" SettledQuantity="0" TaxableFlag="N" UnitPrice="11990.00"/>
      <OrderLineOptions/>
      <WorkOrders NumberOfWorkOrders="0"/>
      <PersonInfoShipTo AddressLine1="Carrera 70 # 99-8" AddressLine2="" AddressLine3="" AddressLine4="Bogota" AddressLine5="" AddressLine6="" AlternateEmailID="" Beeper="" City="Bogota" Company="" Country="CO" DayFaxNo="" DayPhone="(+57) 1111111111" Department="" EMailID="test_user_66074730@testuser.com" EveningFaxNo="" EveningPhone="" FirstName="test" JobTitle="" LastName="test" MiddleName="" MobilePhone="(+57) 1111111111" OtherPhone="" PersonID="" PersonInfoKey="2021112515060161885970" State="Bogota" Suffix="" Title="" ZipCode=""/>
      <Instructions NumberOfInstructions="0"/>
      <References/>
      <KitLines NumberOfKitLines="0"/>
      <ProductItems/>
      <AdditionalAddresses NumberOfAdditionalAddresses="0"/>
      <Notes NumberOfNotes="0"/>
      <ServiceAssociations/>
      <ProductAssociations/>
      <DeliveryAssociations/>
      <Schedules>
        <Schedule ExpectedDeliveryDate="2022-01-19T07:59:56+00:00" ExpectedShipmentDate="2022-01-19T07:59:56+00:00" OrderHeaderKey="2022011907594968172406" OrderLineKey="2022011907594968172407" OrderLineScheduleKey="202201190741595668172422" Quantity="3" ScheduleNo="2" TagNumber=""/>
      </Schedules>
      <LineOverallTotals Charges="0.00" Discount="0.00" ExtendedPrice="35970.00" LineTotal="35970.00" OptionPrice="0.00" PricingQty="3.00" Tax="0.00" UnitPrice="11990.00"/>
      <LineInvoicedTotals AdditionalLinePriceTotal="0.00" Charges="0.00" Discount="0.00" ExtendedPrice="0.00" LineTotal="0.00" OptionPrice="0.00" PricingQty="0.00" Tax="0.00" UnitPrice="0.00"/>
      <LineRemainingTotals AdditionalLinePriceTotal="0.00" Charges="0.00" Discount="0.00" ExtendedPrice="35970.00" LineTotal="35970.00" OptionPrice="0.00" PricingQty="3.00" Tax="0.00" UnitPrice="11990.00"/>
      <LineCharges/>
      <LineTaxes>
        <LineTax ChargeCategory="TAX" ChargeName="SALES_TAX" ChargeNameKey="20200210111055508944842" InvoicedTax="0.00" Reference_1="" Reference_2="" Reference_3="" RemainingTax="1914.00" Tax="1914.00" TaxName="SalesTax" TaxPercentage="0.00"/>
        <TaxSummary>
          <TaxSummaryDetail InvoicedTax="0.00" OverallTax="1914.00" RemainingTax="1914.00" TaxName="SalesTax"/>
        </TaxSummary>
      </LineTaxes>
      <OrderStatuses>
        <OrderStatus OrderHeaderKey="2022011907594968172406" OrderLineKey="2022011907594968172407" OrderLineScheduleKey="202201190741595668172422" OrderReleaseStatusKey="202201190755595668172423" PipelineKey="202004200551401016291479" ShipNode="457" Status="1500" StatusDate="2022-01-19T07:59:56+00:00" StatusDescription="Scheduled" StatusQty="3" TotalQuantity="3">
          <Details ExpectedDeliveryDate="2022-01-19T07:59:56+00:00" ExpectedShipmentDate="2022-01-19T07:59:56+00:00" TagNumber="">
            <KitDetails/>
          </Details>
        </OrderStatus>
      </OrderStatuses>
      <CapacityAllocations/>
    </OrderLine>
  </OrderLines>
  <Instructions NumberOfInstructions="0"/>
  <PersonInfoShipTo AddressLine1="Carrera 70 # 99-8" AddressLine2="" AddressLine3="" AddressLine4="Bogota" AddressLine5="" AddressLine6="" AlternateEmailID="" Beeper="" City="Bogota" Company="" Country="CO" DayFaxNo="" DayPhone="(+57) 1111111111" Department="" EMailID="test_user_66074730@testuser.com" EveningFaxNo="" EveningPhone="" FirstName="test" JobTitle="" LastName="test" MiddleName="" MobilePhone="(+57) 1111111111" OtherPhone="" PersonID="" PersonInfoKey="2021112515060161885970" State="Bogota" Suffix="" Title="" ZipCode=""/>
  <PersonInfoBillTo AddressLine1="Carrera 70 # 99-8" AddressLine2="" AddressLine3="" AddressLine4="Bogota" AddressLine5="" AddressLine6="" AlternateEmailID="" Beeper="" City="Bogota" Company="" Country="CO" DayFaxNo="" DayPhone="(+57) 1111111111" Department="" EMailID="test_user_66074730@testuser.com" EveningFaxNo="" EveningPhone="" FirstName="test" JobTitle="" LastName="test" MiddleName="" MobilePhone="" OtherPhone="" PersonID="" PersonInfoKey="2021112515060161885971" State="Bogota" Suffix="" Title="" ZipCode=""/>
  <AdditionalAddresses NumberOfAdditionalAddresses="0"/>
  <References/>
  <PaymentMethods>
    <PaymentMethod CheckNo="" CheckReference="" CreditCardExpDate="20251101" CreditCardName="Luis Gino Beltran" CreditCardNo="371180" CreditCardType="AMEX" CustomerPONo="" DisplayCreditCardNo="7522" DisplayCustomerAccountNo="" DisplayPaymentReference1="" DisplaySvcNo="" FundsAvailable="0.00" GetFundsAvailableUserExitInvoked="N" PaymentReference1="" PaymentReference2="MPAGO_CREDIT" PaymentReference3="1023936477" PaymentType="CREDIT_CARD"/>
  </PaymentMethods>
  <ChargeTransactionDetails AdditionalExpectedAuthorizations="0.00" TotalCredits="35970.00" TotalDebits="0.00" TotalOpenAuthorizations="0.00" TotalOpenBookings="38960.00" TotalTransferredIn="0.00" TotalTransferredOut="0.00">
    <ChargeTransactionDetail AuditTransactionID="" AuthorizationExpirationDate="2022-01-19T07:59:49+00:00" AuthorizationID="" BookAmount="0.00" ChargeTransactionKey="2022011907594968172409" ChargeType="CHARGE" CollectionDate="2022-01-19T07:59:49+00:00" CreditAmount="35970.00" DebitAmount="0.00" DistributedAmount="0.00" HoldAgainstBook="Y" OpenAuthorizedAmount="0.00" OrderHeaderKey="2022011907594968172406" OrderInvoiceKey="" PaymentKey="202201190768594968172408" RequestAmount="35970.00" SettledAmount="0.00" Status="CLOSED" TransactionDate="2022-01-19T07:59:49+00:00" TransferFromOhKey="" TransferToOhKey="" UserExitStatus="">
      <InvoiceCollectionDetails/>
      <CreditCardTransactions>
        <CreditCardTransaction AuthAmount="35970.00" AuthAvs="" AuthCode="1234546089" AuthReturnCode="" AuthReturnFlag="" AuthReturnMessage="" AuthTime="2022-01-19T07:59:49+00:00" CVVAuthCode="" ChargeTransactionKey="2022011907594968172409" CreditCardTransactionKey="202201190757594968172410" InternalReturnCode="" InternalReturnFlag="" InternalReturnMessage="" ParentKey="" Reference1="" Reference2="" RequestId="" TranAmount="35970.00" TranRequestTime="2022-01-19T07:59:49+00:00" TranReturnCode="" TranReturnFlag="" TranReturnMessage="" TranType="CHARGE"/>
      </CreditCardTransactions>
      <TransferToOrder/>
      <TransferFromOrder/>
    </ChargeTransactionDetail>
    <ChargeTransactionDetail AuditTransactionID="" AuthorizationExpirationDate="2022-01-19T07:59:49+00:00" AuthorizationID="" BookAmount="38960.00" ChargeTransactionKey="2022011907594968172415" ChargeType="CREATE_ORDER" CollectionDate="2022-01-19T07:59:49+00:00" CreditAmount="0.00" DebitAmount="0.00" DistributedAmount="0.00" HoldAgainstBook="" OpenAuthorizedAmount="0.00" OrderHeaderKey="2022011907594968172406" OrderInvoiceKey="" PaymentKey="" RequestAmount="0.00" SettledAmount="0.00" Status="OPEN" TransactionDate="2022-01-19T07:59:49+00:00" TransferFromOhKey="" TransferToOhKey="" UserExitStatus="">
      <InvoiceCollectionDetails/>
      <CreditCardTransactions/>
      <TransferToOrder/>
      <TransferFromOrder/>
    </ChargeTransactionDetail>
  </ChargeTransactionDetails>
  <ProductServiceAssocs/>
  <OverallTotals GrandCharges="2990.00" GrandDiscount="0.00" GrandTax="0.00" GrandTotal="38960.00" HdrCharges="2990.00" HdrDiscount="0.00" HdrTax="0.00" HdrTotal="2990.00" LineSubTotal="35970.00"/>
  <InvoicedTotals GrandCharges="0.00" GrandDiscount="0.00" GrandTax="0.00" GrandTotal="0.00" HdrCharges="0.00" HdrDiscount="0.00" HdrTax="0.00" HdrTotal="0.00" LineSubTotal="0.00"/>
  <RemainingTotals GrandCharges="2990.00" GrandDiscount="0.00" GrandTax="0.00" GrandTotal="38960.00" HdrCharges="2990.00" HdrDiscount="0.00" HdrTax="0.00" HdrTotal="2990.00" LineSubTotal="35970.00"/>
  <HeaderCharges>
    <HeaderCharge ChargeAmount="2990.00" ChargeCategory="SHIPPING" ChargeName="SHIPPING_CHARGE" ChargeNameKey="20200210110952508937952" InvoicedChargeAmount="0.00" IsBillable="Y" IsDiscount="N" Reference="" RemainingChargeAmount="2990.00"/>
  </HeaderCharges>
  <HeaderTaxes>
    <HeaderTax ChargeCategory="TAX" ChargeName="SHIPPING_TAX" ChargeNameKey="20200210111104508945910" InvoicedTax="0.00" Reference_1="" Reference_2="" Reference_3="" RemainingTax="477.00" Tax="477.00" TaxName="SHIPPING_TAX" TaxPercentage="0.00" TaxableFlag="Y"/>
    <TaxSummary>
      <TaxSummaryDetail InvoicedTax="0.00" OverallTax="477.00" RemainingTax="477.00" TaxName="SHIPPING_TAX"/>
    </TaxSummary>
  </HeaderTaxes>
  <OrderStatuses>
    <OrderStatus OrderHeaderKey="2022011907594968172406" OrderLineKey="2022011907594968172407" OrderLineScheduleKey="202201190741595668172422" OrderReleaseStatusKey="202201190755595668172423" PipelineKey="202004200551401016291479" ShipNode="457" Status="1500" StatusDate="2022-01-19T07:59:56+00:00" StatusDescription="Scheduled" StatusQty="3" TotalQuantity="3">
      <Details ExpectedDeliveryDate="2022-01-19T07:59:56+00:00" ExpectedShipmentDate="2022-01-19T07:59:56+00:00" TagNumber=""/>
    </OrderStatus>
  </OrderStatuses>
  <ExchangeOrders/>
</Order>

[INFO]-[2022-01-19 13:29:58.601]-[TestNG-test=OMS-3]-[requestCreationInOMS]-[RequestHelper.java:184]-Pre-condition for Test: Change Order for resolving the holds
[INFO]-[2022-01-19 13:29:58.626]-[TestNG-test=OMS-3]-[sendAPIRequest]-[RestAssuredRequest.java:20]-Calling POST request with end point : https://localhost:9443/smcfs/restapi/invoke/releaseOrder
io.restassured.internal.RequestSpecificationImpl@54fe0c4e
io.restassured.internal.RestAssuredResponseImpl@c3b5d1c
[INFO]-[2022-01-19 13:29:59.694]-[TestNG-test=OMS-3]-[logRequestResponse]-[RequestPayload.java:171]-API Request sent : 
[INFO]-[2022-01-19 13:29:59.695]-[TestNG-test=OMS-3]-[logRequestResponse]-[RequestPayload.java:172]-Request method:	POST
Request URI:	https://localhost:9443/smcfs/restapi/invoke/releaseOrder
Proxy:			<none>
Request params:	<none>
Query params:	<none>
Form params:	<none>
Path params:	<none>
Headers:		Accept=application/xml
				Authorization=Basic YWRtaW46cGFzc3dvcmQ=
				Content-Type=application/xml
Cookies:		<none>
Multiparts:		<none>
Body:
<ReleaseOrder CheckInventory="Y" DocumentType="0001" EnterpriseCode="FCVColombia" OrderHeaderKey="" OrderNo="COCC60532141"/>

[INFO]-[2022-01-19 13:29:59.697]-[TestNG-test=OMS-3]-[logRequestResponse]-[RequestPayload.java:174]-API Response received : 
[INFO]-[2022-01-19 13:29:59.698]-[TestNG-test=OMS-3]-[logRequestResponse]-[RequestPayload.java:175]-HTTP/1.1 204 No Content
X-FRAME-OPTIONS: SAMEORIGIN
X-UA-Compatible: IE=EmulateIE8
Access-Control-Max-Age: 3600
Access-Control-Allow-Credentials: true
Access-Control-Allow-Origin: *
Content-Language: en-US
Content-Length: 0
Date: Wed, 19 Jan 2022 08:00:00 GMT

[INFO]-[2022-01-19 13:29:59.705]-[TestNG-test=OMS-3]-[requestCreationInOMS]-[RequestHelper.java:140]-Pre-condition for Test: getOrderDetails
[INFO]-[2022-01-19 13:29:59.709]-[TestNG-test=OMS-3]-[sendAPIRequest]-[RestAssuredRequest.java:20]-Calling POST request with end point : https://localhost:9443/smcfs/restapi/invoke/getOrderDetails
io.restassured.internal.RequestSpecificationImpl@5a436eb8
io.restassured.internal.RestAssuredResponseImpl@2dc5adc6
[INFO]-[2022-01-19 13:30:00.577]-[TestNG-test=OMS-3]-[logRequestResponse]-[RequestPayload.java:171]-API Request sent : 
[INFO]-[2022-01-19 13:30:00.579]-[TestNG-test=OMS-3]-[logRequestResponse]-[RequestPayload.java:172]-Request method:	POST
Request URI:	https://localhost:9443/smcfs/restapi/invoke/getOrderDetails
Proxy:			<none>
Request params:	<none>
Query params:	<none>
Form params:	<none>
Path params:	<none>
Headers:		Accept=application/xml
				Authorization=Basic YWRtaW46cGFzc3dvcmQ=
				Content-Type=application/xml
Cookies:		<none>
Multiparts:		<none>
Body:
<Order DocumentType="0001" EnterpriseCode="FCVColombia" OrderHeaderKey="" OrderNo="COCC60532141"/>

[INFO]-[2022-01-19 13:30:00.581]-[TestNG-test=OMS-3]-[logRequestResponse]-[RequestPayload.java:174]-API Response received : 
[INFO]-[2022-01-19 13:30:00.582]-[TestNG-test=OMS-3]-[logRequestResponse]-[RequestPayload.java:175]-HTTP/1.1 200 OK
X-FRAME-OPTIONS: SAMEORIGIN
X-UA-Compatible: IE=EmulateIE8
Access-Control-Max-Age: 3600
Access-Control-Allow-Credentials: true
Access-Control-Allow-Origin: *
Content-Type: application/xml; charset=UTF-8
Content-Encoding: gzip
Content-Language: en-US
Content-Length: 3982
Date: Wed, 19 Jan 2022 08:00:00 GMT

<Order AllocationRuleID="DIF_SCH" AuthorizationExpirationDate="2022-01-19T07:59:49+00:00" BillToID="00198505" BuyerOrganizationCode="FCV.CO" CarrierAccountNo="" CarrierServiceCode="" ChainType="" ChargeActualFreightFlag="N" CustCustPONo="" CustomerEMailID="tremere27@gmail.com" CustomerPONo="" DeliveryCode="" Division="" DocumentType="0001" DraftOrderFlag="N" EnteredBy="00198505" EnterpriseCode="FCVColombia" EntryType="CustomerOnWeb" FreightTerms="" HasDeliveryLines="N" HasProductLines="Y" HasServiceLines="N" HoldFlag="N" HoldReasonCode="" MaxOrderStatus="3200" MaxOrderStatusDesc="Released to store" MinOrderStatus="3200" MinOrderStatusDesc="Released to store" NotifyAfterShipmentFlag="N" OrderDate="2022-01-19T07:59:49+00:00" OrderHeaderKey="2022011907594968172406" OrderName="" OrderNo="COCC60532141" OrderType="PICK" OriginalTax="0.00" OriginalTotalAmount="38960.00" OtherCharges="2990.00" PaymentStatus="PAID" PendingTransferIn="0.00" PersonalizeCode="" PriorityCode="" PriorityNumber="0" Purpose="" ReturnByGiftRecipient="" SCAC="" ScacAndService="" ScacAndServiceKey="" SearchCriteria1="" SearchCriteria2="" SellerOrganizationCode="FCV.CO" ShipToID="00198505" Status="Released to store" TaxExemptFlag="N" TaxExemptionCertificate="" TaxJurisdiction="" TaxPayerId="" TermsCode="" TotalAdjustmentAmount="0.00" isHistory="N">
  <AllowedModifications>
    <Modification ModificationType="REMOVE_PROMOTION" ThroughOverride="Y"/>
    <Modification ModificationType="ORDER_NAME" ThroughOverride="Y"/>
    <Modification ModificationType="CONTACT_INFO" ThroughOverride="Y"/>
    <Modification ModificationType="CHANGE_ITERATION" ThroughOverride="Y"/>
    <Modification ModificationType="BILLTO" ThroughOverride="Y"/>
    <Modification ModificationType="TAX" ThroughOverride="Y"/>
    <Modification ModificationType="CHANGE_PROMOTION" ThroughOverride="Y"/>
    <Modification ModificationType="FREIGHT_TERMS" ThroughOverride="Y"/>
    <Modification ModificationType="ADD_NOTE" ThroughOverride="Y"/>
    <Modification ModificationType="CHANGE_STATUS" ThroughOverride="Y"/>
    <Modification ModificationType="ADD_LINE" ThroughOverride="Y"/>
    <Modification ModificationType="CARRIER" ThroughOverride="Y"/>
    <Modification ModificationType="ADDITIONADDR" ThroughOverride="Y"/>
    <Modification ModificationType="SOLDTO" ThroughOverride="Y"/>
    <Modification ModificationType="REQ_SHIP_DATE" ThroughOverride="Y"/>
    <Modification ModificationType="PAYMENT_STATUS" ThroughOverride="Y"/>
    <Modification ModificationType="ADD_INSTRUCTION" ThroughOverride="Y"/>
    <Modification ModificationType="CHANGE_NOTE" ThroughOverride="Y"/>
    <Modification ModificationType="CARRIER_ACCOUNT_NO" ThroughOverride="Y"/>
    <Modification ModificationType="CHANGE_ORDER_DATE" ThroughOverride="Y"/>
    <Modification ModificationType="REMOVE_NOTE" ThroughOverride="Y"/>
    <Modification ModificationType="CHANGE_SCHEDULE" ThroughOverride="Y"/>
    <Modification ModificationType="HOLD" ThroughOverride="N"/>
    <Modification ModificationType="SPECIAL_SERVICE" ThroughOverride="Y"/>
    <Modification ModificationType="RULE_ID" ThroughOverride="Y"/>
    <Modification ModificationType="PRICE" ThroughOverride="Y"/>
    <Modification ModificationType="CARRIER_SERVICE_CODE" ThroughOverride="Y"/>
    <Modification ModificationType="PAYMENT_METHOD" ThroughOverride="Y"/>
    <Modification ModificationType="CHANGE_CUSTOM_ATTRIBUTES" ThroughOverride="Y"/>
    <Modification ModificationType="RELEASE" ThroughOverride="Y"/>
    <Modification ModificationType="SHIP_NODE" ThroughOverride="Y"/>
    <Modification ModificationType="ANSWER_SET" ThroughOverride="Y"/>
    <Modification ModificationType="MARKFOR" ThroughOverride="Y"/>
    <Modification ModificationType="RECEIVING_NODE" ThroughOverride="Y"/>
    <Modification ModificationType="SHORT" ThroughOverride="N"/>
    <Modification ModificationType="BUYER_USER_ID" ThroughOverride="Y"/>
    <Modification ModificationType="OTHERS" ThroughOverride="N"/>
    <Modification ModificationType="DELIVERY_CODE" ThroughOverride="Y"/>
    <Modification ModificationType="LEVEL_OF_SERVICE" ThroughOverride="Y"/>
    <Modification ModificationType="CANCEL" ThroughOverride="N"/>
    <Modification ModificationType="UNSCHEDULE" ThroughOverride="Y"/>
    <Modification ModificationType="CHANGE_INSTRUCTION" ThroughOverride="Y"/>
    <Modification ModificationType="HOLD_TYPE" ThroughOverride="N"/>
    <Modification ModificationType="REFERENCES" ThroughOverride="Y"/>
  </AllowedModifications>
  <PriceInfo Currency="COP" EnterpriseCurrency="COP" ReportingConversionDate="2022-01-19T07:59:49+00:00" ReportingConversionRate="1.00" TotalAmount="38960.00"/>
  <OrderLines>
    <OrderLine AllocationDate="2021-11-03" ApptStatus="" AwaitingDeliveryRequest="N" CanAddServiceLines="N" CarrierAccountNo="" CarrierServiceCode="" CustomerLinePONo="" CustomerPONo="" DeliveryCode="" DeliveryMethod="PICK" DepartmentCode="" FreightTerms="" FulfillmentType="" HasDeliveryLines="N" HasServiceLines="N" HoldFlag="N" HoldReasonCode="" ImportLicenseNo="" InvoicedQty="0" IsBundleParent="N" ItemGroupCode="PROD" KitCode="" LineSeqNo="1.1" LineType="CnC" MaxLineStatus="3200" MaxLineStatusDesc="Released to store" MinLineStatus="3200" MinLineStatusDesc="Released to store" OpenQty="3" OrderHeaderKey="2022011907594968172406" OrderLineKey="2022011907594968172407" OrderedQty="3" OriginalOrderedQty="3" OtherCharges="0.00" PackListType="" PersonalizeCode="" PersonalizeFlag="" PickableFlag="Y" PrimeLineNo="1" Purpose="" RemainingQty="3" ReqShipDate="2021-11-03T13:31:37+00:00" ReservationID="" ReservationPool="" SCAC="" ScacAndService="" ScacAndServiceKey="" Segment="" SegmentType="" SerialNo="" ShipNode="457" ShipToID="00198505" ShipTogetherNo="" SplitQty="0" Status="Released to store" StatusQuantity="3" SubLineNo="1" SubstituteItemID="" SubstituteItemUOM="" isHistory="N">
      <Item CostCurrency="COP" CountryOfOrigin="" CustomerItem="461366" CustomerItemDesc="Gaviscon (5+2.67+1.6)% Suspension Oral Frasco X 300mL Menta" ECCNNo="" HarmonizedCode="" ISBN="" ItemDesc="Gaviscon (5+2.67+1.6)% Suspension Oral Frasco X 300mL Menta" ItemID="461366" ItemShortDesc="Stevia Endulzante Natural X 200 Ta Caja X 200" ItemWeight="0.00" ItemWeightUOM="LBS" ManufacturerItem="" ManufacturerItemDesc="" ManufacturerName="RB HEALTH COLOMBIA SAS" NMFCClass="" NMFCCode="" NMFCDescription="" ProductClass="REGULAR" ProductLine="" ScheduleBCode="" SupplierItem="" SupplierItemDesc="" TaxProductCode="" UPCCode="" UnitCost="11990.00" UnitOfMeasure="EACH"/>
      <LinePriceInfo ActualPricingQty="3" DiscountPercentage="0.00" InvoicedPricingQty="0" IsPriceLocked="Y" LineTotal="35970.00" ListPrice="11990.00" OrderedPricingQty="3" PricingQtyConversionFactor="0" PricingUOM="EACH" RetailPrice="0.00" SettledAmount="0.00" SettledQuantity="0" TaxableFlag="N" UnitPrice="11990.00"/>
      <OrderLineOptions/>
      <WorkOrders NumberOfWorkOrders="0"/>
      <PersonInfoShipTo AddressLine1="Carrera 70 # 99-8" AddressLine2="" AddressLine3="" AddressLine4="Bogota" AddressLine5="" AddressLine6="" AlternateEmailID="" Beeper="" City="Bogota" Company="" Country="CO" DayFaxNo="" DayPhone="(+57) 1111111111" Department="" EMailID="test_user_66074730@testuser.com" EveningFaxNo="" EveningPhone="" FirstName="test" JobTitle="" LastName="test" MiddleName="" MobilePhone="(+57) 1111111111" OtherPhone="" PersonID="" PersonInfoKey="2021112515060161885970" State="Bogota" Suffix="" Title="" ZipCode=""/>
      <Instructions NumberOfInstructions="0"/>
      <References/>
      <KitLines NumberOfKitLines="0"/>
      <ProductItems/>
      <AdditionalAddresses NumberOfAdditionalAddresses="0"/>
      <Notes NumberOfNotes="0"/>
      <ServiceAssociations/>
      <ProductAssociations/>
      <DeliveryAssociations/>
      <Schedules>
        <Schedule ExpectedDeliveryDate="2022-01-19T07:59:59+00:00" ExpectedShipmentDate="2022-01-19T07:59:59+00:00" OrderHeaderKey="2022011907594968172406" OrderLineKey="2022011907594968172407" OrderLineScheduleKey="202201190774595968172430" Quantity="3" ScheduleNo="3" TagNumber=""/>
      </Schedules>
      <LineOverallTotals Charges="0.00" Discount="0.00" ExtendedPrice="35970.00" LineTotal="35970.00" OptionPrice="0.00" PricingQty="3.00" Tax="0.00" UnitPrice="11990.00"/>
      <LineInvoicedTotals AdditionalLinePriceTotal="0.00" Charges="0.00" Discount="0.00" ExtendedPrice="0.00" LineTotal="0.00" OptionPrice="0.00" PricingQty="0.00" Tax="0.00" UnitPrice="0.00"/>
      <LineRemainingTotals AdditionalLinePriceTotal="0.00" Charges="0.00" Discount="0.00" ExtendedPrice="35970.00" LineTotal="35970.00" OptionPrice="0.00" PricingQty="3.00" Tax="0.00" UnitPrice="11990.00"/>
      <LineCharges/>
      <LineTaxes>
        <LineTax ChargeCategory="TAX" ChargeName="SALES_TAX" ChargeNameKey="20200210111055508944842" InvoicedTax="0.00" Reference_1="" Reference_2="" Reference_3="" RemainingTax="1914.00" Tax="1914.00" TaxName="SalesTax" TaxPercentage="0.00"/>
        <TaxSummary>
          <TaxSummaryDetail InvoicedTax="0.00" OverallTax="1914.00" RemainingTax="1914.00" TaxName="SalesTax"/>
        </TaxSummary>
      </LineTaxes>
      <OrderStatuses>
        <OrderStatus OrderHeaderKey="2022011907594968172406" OrderLineKey="2022011907594968172407" OrderLineScheduleKey="202201190774595968172430" OrderReleaseKey="2022011907595968172429" OrderReleaseStatusKey="202201190775595968172431" PipelineKey="202004200551401016291479" ShipNode="457" Status="3200" StatusDate="2022-01-19T07:59:59+00:00" StatusDescription="Released to store" StatusQty="3" TotalQuantity="3">
          <Details ExpectedDeliveryDate="2022-01-19T07:59:59+00:00" ExpectedShipmentDate="2022-01-19T07:59:59+00:00" TagNumber="">
            <KitDetails/>
          </Details>
        </OrderStatus>
      </OrderStatuses>
      <CapacityAllocations/>
    </OrderLine>
  </OrderLines>
  <Instructions NumberOfInstructions="0"/>
  <PersonInfoShipTo AddressLine1="Carrera 70 # 99-8" AddressLine2="" AddressLine3="" AddressLine4="Bogota" AddressLine5="" AddressLine6="" AlternateEmailID="" Beeper="" City="Bogota" Company="" Country="CO" DayFaxNo="" DayPhone="(+57) 1111111111" Department="" EMailID="test_user_66074730@testuser.com" EveningFaxNo="" EveningPhone="" FirstName="test" JobTitle="" LastName="test" MiddleName="" MobilePhone="(+57) 1111111111" OtherPhone="" PersonID="" PersonInfoKey="2021112515060161885970" State="Bogota" Suffix="" Title="" ZipCode=""/>
  <PersonInfoBillTo AddressLine1="Carrera 70 # 99-8" AddressLine2="" AddressLine3="" AddressLine4="Bogota" AddressLine5="" AddressLine6="" AlternateEmailID="" Beeper="" City="Bogota" Company="" Country="CO" DayFaxNo="" DayPhone="(+57) 1111111111" Department="" EMailID="test_user_66074730@testuser.com" EveningFaxNo="" EveningPhone="" FirstName="test" JobTitle="" LastName="test" MiddleName="" MobilePhone="" OtherPhone="" PersonID="" PersonInfoKey="2021112515060161885971" State="Bogota" Suffix="" Title="" ZipCode=""/>
  <AdditionalAddresses NumberOfAdditionalAddresses="0"/>
  <References/>
  <PaymentMethods>
    <PaymentMethod CheckNo="" CheckReference="" CreditCardExpDate="20251101" CreditCardName="Luis Gino Beltran" CreditCardNo="371180" CreditCardType="AMEX" CustomerPONo="" DisplayCreditCardNo="7522" DisplayCustomerAccountNo="" DisplayPaymentReference1="" DisplaySvcNo="" FundsAvailable="0.00" GetFundsAvailableUserExitInvoked="N" PaymentReference1="" PaymentReference2="MPAGO_CREDIT" PaymentReference3="1023936477" PaymentType="CREDIT_CARD"/>
  </PaymentMethods>
  <ChargeTransactionDetails AdditionalExpectedAuthorizations="0.00" TotalCredits="35970.00" TotalDebits="0.00" TotalOpenAuthorizations="0.00" TotalOpenBookings="38960.00" TotalTransferredIn="0.00" TotalTransferredOut="0.00">
    <ChargeTransactionDetail AuditTransactionID="" AuthorizationExpirationDate="2022-01-19T07:59:49+00:00" AuthorizationID="" BookAmount="0.00" ChargeTransactionKey="2022011907594968172409" ChargeType="CHARGE" CollectionDate="2022-01-19T07:59:49+00:00" CreditAmount="35970.00" DebitAmount="0.00" DistributedAmount="0.00" HoldAgainstBook="Y" OpenAuthorizedAmount="0.00" OrderHeaderKey="2022011907594968172406" OrderInvoiceKey="" PaymentKey="202201190768594968172408" RequestAmount="35970.00" SettledAmount="0.00" Status="CLOSED" TransactionDate="2022-01-19T07:59:49+00:00" TransferFromOhKey="" TransferToOhKey="" UserExitStatus="">
      <InvoiceCollectionDetails/>
      <CreditCardTransactions>
        <CreditCardTransaction AuthAmount="35970.00" AuthAvs="" AuthCode="1234546089" AuthReturnCode="" AuthReturnFlag="" AuthReturnMessage="" AuthTime="2022-01-19T07:59:49+00:00" CVVAuthCode="" ChargeTransactionKey="2022011907594968172409" CreditCardTransactionKey="202201190757594968172410" InternalReturnCode="" InternalReturnFlag="" InternalReturnMessage="" ParentKey="" Reference1="" Reference2="" RequestId="" TranAmount="35970.00" TranRequestTime="2022-01-19T07:59:49+00:00" TranReturnCode="" TranReturnFlag="" TranReturnMessage="" TranType="CHARGE"/>
      </CreditCardTransactions>
      <TransferToOrder/>
      <TransferFromOrder/>
    </ChargeTransactionDetail>
    <ChargeTransactionDetail AuditTransactionID="" AuthorizationExpirationDate="2022-01-19T07:59:49+00:00" AuthorizationID="" BookAmount="38960.00" ChargeTransactionKey="2022011907594968172415" ChargeType="CREATE_ORDER" CollectionDate="2022-01-19T07:59:49+00:00" CreditAmount="0.00" DebitAmount="0.00" DistributedAmount="0.00" HoldAgainstBook="" OpenAuthorizedAmount="0.00" OrderHeaderKey="2022011907594968172406" OrderInvoiceKey="" PaymentKey="" RequestAmount="0.00" SettledAmount="0.00" Status="OPEN" TransactionDate="2022-01-19T07:59:49+00:00" TransferFromOhKey="" TransferToOhKey="" UserExitStatus="">
      <InvoiceCollectionDetails/>
      <CreditCardTransactions/>
      <TransferToOrder/>
      <TransferFromOrder/>
    </ChargeTransactionDetail>
  </ChargeTransactionDetails>
  <ProductServiceAssocs/>
  <OverallTotals GrandCharges="2990.00" GrandDiscount="0.00" GrandTax="0.00" GrandTotal="38960.00" HdrCharges="2990.00" HdrDiscount="0.00" HdrTax="0.00" HdrTotal="2990.00" LineSubTotal="35970.00"/>
  <InvoicedTotals GrandCharges="0.00" GrandDiscount="0.00" GrandTax="0.00" GrandTotal="0.00" HdrCharges="0.00" HdrDiscount="0.00" HdrTax="0.00" HdrTotal="0.00" LineSubTotal="0.00"/>
  <RemainingTotals GrandCharges="2990.00" GrandDiscount="0.00" GrandTax="0.00" GrandTotal="38960.00" HdrCharges="2990.00" HdrDiscount="0.00" HdrTax="0.00" HdrTotal="2990.00" LineSubTotal="35970.00"/>
  <HeaderCharges>
    <HeaderCharge ChargeAmount="2990.00" ChargeCategory="SHIPPING" ChargeName="SHIPPING_CHARGE" ChargeNameKey="20200210110952508937952" InvoicedChargeAmount="0.00" IsBillable="Y" IsDiscount="N" Reference="" RemainingChargeAmount="2990.00"/>
  </HeaderCharges>
  <HeaderTaxes>
    <HeaderTax ChargeCategory="TAX" ChargeName="SHIPPING_TAX" ChargeNameKey="20200210111104508945910" InvoicedTax="0.00" Reference_1="" Reference_2="" Reference_3="" RemainingTax="477.00" Tax="477.00" TaxName="SHIPPING_TAX" TaxPercentage="0.00" TaxableFlag="Y"/>
    <TaxSummary>
      <TaxSummaryDetail InvoicedTax="0.00" OverallTax="477.00" RemainingTax="477.00" TaxName="SHIPPING_TAX"/>
    </TaxSummary>
  </HeaderTaxes>
  <OrderStatuses>
    <OrderStatus OrderHeaderKey="2022011907594968172406" OrderLineKey="2022011907594968172407" OrderLineScheduleKey="202201190774595968172430" OrderReleaseKey="2022011907595968172429" OrderReleaseStatusKey="202201190775595968172431" PipelineKey="202004200551401016291479" ShipNode="457" Status="3200" StatusDate="2022-01-19T07:59:59+00:00" StatusDescription="Released to store" StatusQty="3" TotalQuantity="3">
      <Details ExpectedDeliveryDate="2022-01-19T07:59:59+00:00" ExpectedShipmentDate="2022-01-19T07:59:59+00:00" TagNumber=""/>
    </OrderStatus>
  </OrderStatuses>
  <ExchangeOrders/>
</Order>

[INFO]-[2022-01-19 13:30:00.659]-[TestNG-test=OMS-3]-[requestCreationInOMS]-[RequestHelper.java:140]-Pre-condition for Test: getOrderDetails
[INFO]-[2022-01-19 13:30:00.664]-[TestNG-test=OMS-3]-[sendAPIRequest]-[RestAssuredRequest.java:20]-Calling POST request with end point : https://localhost:9443/smcfs/restapi/invoke/getOrderDetails
io.restassured.internal.RequestSpecificationImpl@44b85b81
[INFO]-[2022-01-19 13:30:01.239]-[TestNG-test=OMS-1]-[onTestStart]-[TestListener.java:56]--------------------------------------------------------------------------------------------------------------------------
[INFO]-[2022-01-19 13:30:01.240]-[TestNG-test=OMS-1]-[onTestStart]-[TestListener.java:57]-Starting new testcase :TC04_COM_RegisteredUser_SFS_ML_OrderFulfillment
io.restassured.internal.RestAssuredResponseImpl@31386530
[INFO]-[2022-01-19 13:30:02.003]-[TestNG-test=OMS-3]-[logRequestResponse]-[RequestPayload.java:171]-API Request sent : 
[INFO]-[2022-01-19 13:30:02.004]-[TestNG-test=OMS-3]-[logRequestResponse]-[RequestPayload.java:172]-Request method:	POST
Request URI:	https://localhost:9443/smcfs/restapi/invoke/getOrderDetails
Proxy:			<none>
Request params:	<none>
Query params:	<none>
Form params:	<none>
Path params:	<none>
Headers:		Accept=application/xml
				Authorization=Basic YWRtaW46cGFzc3dvcmQ=
				Content-Type=application/xml
Cookies:		<none>
Multiparts:		<none>
Body:
<Order DocumentType="0001" EnterpriseCode="FCVColombia" OrderHeaderKey="" OrderNo="COCC60532141"/>

[INFO]-[2022-01-19 13:30:02.005]-[TestNG-test=OMS-3]-[logRequestResponse]-[RequestPayload.java:174]-API Response received : 
[INFO]-[2022-01-19 13:30:02.008]-[TestNG-test=OMS-3]-[logRequestResponse]-[RequestPayload.java:175]-HTTP/1.1 200 OK
X-FRAME-OPTIONS: SAMEORIGIN
X-UA-Compatible: IE=EmulateIE8
Access-Control-Max-Age: 3600
Access-Control-Allow-Credentials: true
Access-Control-Allow-Origin: *
Content-Type: application/xml; charset=UTF-8
Content-Encoding: gzip
Content-Language: en-US
Content-Length: 3982
Date: Wed, 19 Jan 2022 08:00:02 GMT

<Order AllocationRuleID="DIF_SCH" AuthorizationExpirationDate="2022-01-19T07:59:49+00:00" BillToID="00198505" BuyerOrganizationCode="FCV.CO" CarrierAccountNo="" CarrierServiceCode="" ChainType="" ChargeActualFreightFlag="N" CustCustPONo="" CustomerEMailID="tremere27@gmail.com" CustomerPONo="" DeliveryCode="" Division="" DocumentType="0001" DraftOrderFlag="N" EnteredBy="00198505" EnterpriseCode="FCVColombia" EntryType="CustomerOnWeb" FreightTerms="" HasDeliveryLines="N" HasProductLines="Y" HasServiceLines="N" HoldFlag="N" HoldReasonCode="" MaxOrderStatus="3200" MaxOrderStatusDesc="Released to store" MinOrderStatus="3200" MinOrderStatusDesc="Released to store" NotifyAfterShipmentFlag="N" OrderDate="2022-01-19T07:59:49+00:00" OrderHeaderKey="2022011907594968172406" OrderName="" OrderNo="COCC60532141" OrderType="PICK" OriginalTax="0.00" OriginalTotalAmount="38960.00" OtherCharges="2990.00" PaymentStatus="PAID" PendingTransferIn="0.00" PersonalizeCode="" PriorityCode="" PriorityNumber="0" Purpose="" ReturnByGiftRecipient="" SCAC="" ScacAndService="" ScacAndServiceKey="" SearchCriteria1="" SearchCriteria2="" SellerOrganizationCode="FCV.CO" ShipToID="00198505" Status="Released to store" TaxExemptFlag="N" TaxExemptionCertificate="" TaxJurisdiction="" TaxPayerId="" TermsCode="" TotalAdjustmentAmount="0.00" isHistory="N">
  <AllowedModifications>
    <Modification ModificationType="REMOVE_PROMOTION" ThroughOverride="Y"/>
    <Modification ModificationType="ORDER_NAME" ThroughOverride="Y"/>
    <Modification ModificationType="CONTACT_INFO" ThroughOverride="Y"/>
    <Modification ModificationType="CHANGE_ITERATION" ThroughOverride="Y"/>
    <Modification ModificationType="BILLTO" ThroughOverride="Y"/>
    <Modification ModificationType="TAX" ThroughOverride="Y"/>
    <Modification ModificationType="CHANGE_PROMOTION" ThroughOverride="Y"/>
    <Modification ModificationType="FREIGHT_TERMS" ThroughOverride="Y"/>
    <Modification ModificationType="ADD_NOTE" ThroughOverride="Y"/>
    <Modification ModificationType="CHANGE_STATUS" ThroughOverride="Y"/>
    <Modification ModificationType="ADD_LINE" ThroughOverride="Y"/>
    <Modification ModificationType="CARRIER" ThroughOverride="Y"/>
    <Modification ModificationType="ADDITIONADDR" ThroughOverride="Y"/>
    <Modification ModificationType="SOLDTO" ThroughOverride="Y"/>
    <Modification ModificationType="REQ_SHIP_DATE" ThroughOverride="Y"/>
    <Modification ModificationType="PAYMENT_STATUS" ThroughOverride="Y"/>
    <Modification ModificationType="ADD_INSTRUCTION" ThroughOverride="Y"/>
    <Modification ModificationType="CHANGE_NOTE" ThroughOverride="Y"/>
    <Modification ModificationType="CARRIER_ACCOUNT_NO" ThroughOverride="Y"/>
    <Modification ModificationType="CHANGE_ORDER_DATE" ThroughOverride="Y"/>
    <Modification ModificationType="REMOVE_NOTE" ThroughOverride="Y"/>
    <Modification ModificationType="CHANGE_SCHEDULE" ThroughOverride="Y"/>
    <Modification ModificationType="HOLD" ThroughOverride="N"/>
    <Modification ModificationType="SPECIAL_SERVICE" ThroughOverride="Y"/>
    <Modification ModificationType="RULE_ID" ThroughOverride="Y"/>
    <Modification ModificationType="PRICE" ThroughOverride="Y"/>
    <Modification ModificationType="CARRIER_SERVICE_CODE" ThroughOverride="Y"/>
    <Modification ModificationType="PAYMENT_METHOD" ThroughOverride="Y"/>
    <Modification ModificationType="CHANGE_CUSTOM_ATTRIBUTES" ThroughOverride="Y"/>
    <Modification ModificationType="RELEASE" ThroughOverride="Y"/>
    <Modification ModificationType="SHIP_NODE" ThroughOverride="Y"/>
    <Modification ModificationType="ANSWER_SET" ThroughOverride="Y"/>
    <Modification ModificationType="MARKFOR" ThroughOverride="Y"/>
    <Modification ModificationType="RECEIVING_NODE" ThroughOverride="Y"/>
    <Modification ModificationType="SHORT" ThroughOverride="N"/>
    <Modification ModificationType="BUYER_USER_ID" ThroughOverride="Y"/>
    <Modification ModificationType="OTHERS" ThroughOverride="N"/>
    <Modification ModificationType="DELIVERY_CODE" ThroughOverride="Y"/>
    <Modification ModificationType="LEVEL_OF_SERVICE" ThroughOverride="Y"/>
    <Modification ModificationType="CANCEL" ThroughOverride="N"/>
    <Modification ModificationType="UNSCHEDULE" ThroughOverride="Y"/>
    <Modification ModificationType="CHANGE_INSTRUCTION" ThroughOverride="Y"/>
    <Modification ModificationType="HOLD_TYPE" ThroughOverride="N"/>
    <Modification ModificationType="REFERENCES" ThroughOverride="Y"/>
  </AllowedModifications>
  <PriceInfo Currency="COP" EnterpriseCurrency="COP" ReportingConversionDate="2022-01-19T07:59:49+00:00" ReportingConversionRate="1.00" TotalAmount="38960.00"/>
  <OrderLines>
    <OrderLine AllocationDate="2021-11-03" ApptStatus="" AwaitingDeliveryRequest="N" CanAddServiceLines="N" CarrierAccountNo="" CarrierServiceCode="" CustomerLinePONo="" CustomerPONo="" DeliveryCode="" DeliveryMethod="PICK" DepartmentCode="" FreightTerms="" FulfillmentType="" HasDeliveryLines="N" HasServiceLines="N" HoldFlag="N" HoldReasonCode="" ImportLicenseNo="" InvoicedQty="0" IsBundleParent="N" ItemGroupCode="PROD" KitCode="" LineSeqNo="1.1" LineType="CnC" MaxLineStatus="3200" MaxLineStatusDesc="Released to store" MinLineStatus="3200" MinLineStatusDesc="Released to store" OpenQty="3" OrderHeaderKey="2022011907594968172406" OrderLineKey="2022011907594968172407" OrderedQty="3" OriginalOrderedQty="3" OtherCharges="0.00" PackListType="" PersonalizeCode="" PersonalizeFlag="" PickableFlag="Y" PrimeLineNo="1" Purpose="" RemainingQty="3" ReqShipDate="2021-11-03T13:31:37+00:00" ReservationID="" ReservationPool="" SCAC="" ScacAndService="" ScacAndServiceKey="" Segment="" SegmentType="" SerialNo="" ShipNode="457" ShipToID="00198505" ShipTogetherNo="" SplitQty="0" Status="Released to store" StatusQuantity="3" SubLineNo="1" SubstituteItemID="" SubstituteItemUOM="" isHistory="N">
      <Item CostCurrency="COP" CountryOfOrigin="" CustomerItem="461366" CustomerItemDesc="Gaviscon (5+2.67+1.6)% Suspension Oral Frasco X 300mL Menta" ECCNNo="" HarmonizedCode="" ISBN="" ItemDesc="Gaviscon (5+2.67+1.6)% Suspension Oral Frasco X 300mL Menta" ItemID="461366" ItemShortDesc="Stevia Endulzante Natural X 200 Ta Caja X 200" ItemWeight="0.00" ItemWeightUOM="LBS" ManufacturerItem="" ManufacturerItemDesc="" ManufacturerName="RB HEALTH COLOMBIA SAS" NMFCClass="" NMFCCode="" NMFCDescription="" ProductClass="REGULAR" ProductLine="" ScheduleBCode="" SupplierItem="" SupplierItemDesc="" TaxProductCode="" UPCCode="" UnitCost="11990.00" UnitOfMeasure="EACH"/>
      <LinePriceInfo ActualPricingQty="3" DiscountPercentage="0.00" InvoicedPricingQty="0" IsPriceLocked="Y" LineTotal="35970.00" ListPrice="11990.00" OrderedPricingQty="3" PricingQtyConversionFactor="0" PricingUOM="EACH" RetailPrice="0.00" SettledAmount="0.00" SettledQuantity="0" TaxableFlag="N" UnitPrice="11990.00"/>
      <OrderLineOptions/>
      <WorkOrders NumberOfWorkOrders="0"/>
      <PersonInfoShipTo AddressLine1="Carrera 70 # 99-8" AddressLine2="" AddressLine3="" AddressLine4="Bogota" AddressLine5="" AddressLine6="" AlternateEmailID="" Beeper="" City="Bogota" Company="" Country="CO" DayFaxNo="" DayPhone="(+57) 1111111111" Department="" EMailID="test_user_66074730@testuser.com" EveningFaxNo="" EveningPhone="" FirstName="test" JobTitle="" LastName="test" MiddleName="" MobilePhone="(+57) 1111111111" OtherPhone="" PersonID="" PersonInfoKey="2021112515060161885970" State="Bogota" Suffix="" Title="" ZipCode=""/>
      <Instructions NumberOfInstructions="0"/>
      <References/>
      <KitLines NumberOfKitLines="0"/>
      <ProductItems/>
      <AdditionalAddresses NumberOfAdditionalAddresses="0"/>
      <Notes NumberOfNotes="0"/>
      <ServiceAssociations/>
      <ProductAssociations/>
      <DeliveryAssociations/>
      <Schedules>
        <Schedule ExpectedDeliveryDate="2022-01-19T07:59:59+00:00" ExpectedShipmentDate="2022-01-19T07:59:59+00:00" OrderHeaderKey="2022011907594968172406" OrderLineKey="2022011907594968172407" OrderLineScheduleKey="202201190774595968172430" Quantity="3" ScheduleNo="3" TagNumber=""/>
      </Schedules>
      <LineOverallTotals Charges="0.00" Discount="0.00" ExtendedPrice="35970.00" LineTotal="35970.00" OptionPrice="0.00" PricingQty="3.00" Tax="0.00" UnitPrice="11990.00"/>
      <LineInvoicedTotals AdditionalLinePriceTotal="0.00" Charges="0.00" Discount="0.00" ExtendedPrice="0.00" LineTotal="0.00" OptionPrice="0.00" PricingQty="0.00" Tax="0.00" UnitPrice="0.00"/>
      <LineRemainingTotals AdditionalLinePriceTotal="0.00" Charges="0.00" Discount="0.00" ExtendedPrice="35970.00" LineTotal="35970.00" OptionPrice="0.00" PricingQty="3.00" Tax="0.00" UnitPrice="11990.00"/>
      <LineCharges/>
      <LineTaxes>
        <LineTax ChargeCategory="TAX" ChargeName="SALES_TAX" ChargeNameKey="20200210111055508944842" InvoicedTax="0.00" Reference_1="" Reference_2="" Reference_3="" RemainingTax="1914.00" Tax="1914.00" TaxName="SalesTax" TaxPercentage="0.00"/>
        <TaxSummary>
          <TaxSummaryDetail InvoicedTax="0.00" OverallTax="1914.00" RemainingTax="1914.00" TaxName="SalesTax"/>
        </TaxSummary>
      </LineTaxes>
      <OrderStatuses>
        <OrderStatus OrderHeaderKey="2022011907594968172406" OrderLineKey="2022011907594968172407" OrderLineScheduleKey="202201190774595968172430" OrderReleaseKey="2022011907595968172429" OrderReleaseStatusKey="202201190775595968172431" PipelineKey="202004200551401016291479" ShipNode="457" Status="3200" StatusDate="2022-01-19T07:59:59+00:00" StatusDescription="Released to store" StatusQty="3" TotalQuantity="3">
          <Details ExpectedDeliveryDate="2022-01-19T07:59:59+00:00" ExpectedShipmentDate="2022-01-19T07:59:59+00:00" TagNumber="">
            <KitDetails/>
          </Details>
        </OrderStatus>
      </OrderStatuses>
      <CapacityAllocations/>
    </OrderLine>
  </OrderLines>
  <Instructions NumberOfInstructions="0"/>
  <PersonInfoShipTo AddressLine1="Carrera 70 # 99-8" AddressLine2="" AddressLine3="" AddressLine4="Bogota" AddressLine5="" AddressLine6="" AlternateEmailID="" Beeper="" City="Bogota" Company="" Country="CO" DayFaxNo="" DayPhone="(+57) 1111111111" Department="" EMailID="test_user_66074730@testuser.com" EveningFaxNo="" EveningPhone="" FirstName="test" JobTitle="" LastName="test" MiddleName="" MobilePhone="(+57) 1111111111" OtherPhone="" PersonID="" PersonInfoKey="2021112515060161885970" State="Bogota" Suffix="" Title="" ZipCode=""/>
  <PersonInfoBillTo AddressLine1="Carrera 70 # 99-8" AddressLine2="" AddressLine3="" AddressLine4="Bogota" AddressLine5="" AddressLine6="" AlternateEmailID="" Beeper="" City="Bogota" Company="" Country="CO" DayFaxNo="" DayPhone="(+57) 1111111111" Department="" EMailID="test_user_66074730@testuser.com" EveningFaxNo="" EveningPhone="" FirstName="test" JobTitle="" LastName="test" MiddleName="" MobilePhone="" OtherPhone="" PersonID="" PersonInfoKey="2021112515060161885971" State="Bogota" Suffix="" Title="" ZipCode=""/>
  <AdditionalAddresses NumberOfAdditionalAddresses="0"/>
  <References/>
  <PaymentMethods>
[...]
    <Modification ModificationType="CONTACT_INFO" ThroughOverride="Y"/>
    <Modification ModificationType="CHANGE_ITERATION" ThroughOverride="Y"/>
    <Modification ModificationType="BILLTO" ThroughOverride="Y"/>
    <Modification ModificationType="TAX" ThroughOverride="N"/>
    <Modification ModificationType="CHANGE_PROMOTION" ThroughOverride="Y"/>
    <Modification ModificationType="FREIGHT_TERMS" ThroughOverride="Y"/>
    <Modification ModificationType="ADD_NOTE" ThroughOverride="N"/>
    <Modification ModificationType="CHANGE_STATUS" ThroughOverride="Y"/>
    <Modification ModificationType="ADD_LINE" ThroughOverride="Y"/>
    <Modification ModificationType="ADDITIONADDR" ThroughOverride="Y"/>
    <Modification ModificationType="SOLDTO" ThroughOverride="Y"/>
    <Modification ModificationType="REQ_SHIP_DATE" ThroughOverride="Y"/>
    <Modification ModificationType="PAYMENT_STATUS" ThroughOverride="Y"/>
    <Modification ModificationType="ADD_INSTRUCTION" ThroughOverride="Y"/>
    <Modification ModificationType="CHANGE_NOTE" ThroughOverride="Y"/>
    <Modification ModificationType="CHANGE_ORDER_DATE" ThroughOverride="Y"/>
    <Modification ModificationType="REMOVE_NOTE" ThroughOverride="Y"/>
    <Modification ModificationType="HOLD" ThroughOverride="Y"/>
    <Modification ModificationType="RULE_ID" ThroughOverride="Y"/>
    <Modification ModificationType="PRICE" ThroughOverride="N"/>
    <Modification ModificationType="PAYMENT_METHOD" ThroughOverride="Y"/>
    <Modification ModificationType="CHANGE_CUSTOM_ATTRIBUTES" ThroughOverride="N"/>
    <Modification ModificationType="RELEASE" ThroughOverride="Y"/>
    <Modification ModificationType="SHIP_NODE" ThroughOverride="Y"/>
    <Modification ModificationType="ANSWER_SET" ThroughOverride="Y"/>
    <Modification ModificationType="RECEIVING_NODE" ThroughOverride="Y"/>
    <Modification ModificationType="SHORT" ThroughOverride="Y"/>
    <Modification ModificationType="BUYER_USER_ID" ThroughOverride="Y"/>
    <Modification ModificationType="OTHERS" ThroughOverride="N"/>
    <Modification ModificationType="CHANGE_INSTRUCTION" ThroughOverride="Y"/>
    <Modification ModificationType="HOLD_TYPE" ThroughOverride="Y"/>
    <Modification ModificationType="REFERENCES" ThroughOverride="N"/>
  </AllowedModifications>
  <PriceInfo Currency="CLP" EnterpriseCurrency="CLP" ReportingConversionDate="2022-01-19T08:00:31+00:00" ReportingConversionRate="1.00" TotalAmount="17660.00"/>
  <OrderLines>
    <OrderLine AllocationDate="2022-01-20" ApptStatus="" AwaitingDeliveryRequest="N" CanAddServiceLines="N" CarrierAccountNo="" CarrierServiceCode="NextDay" CustomerLinePONo="" CustomerPONo="" DeliveryCode="" DeliveryMethod="SHP" DepartmentCode="" FreightTerms="" FulfillmentType="SHIP_TO_HOME" HasDeliveryLines="N" HasServiceLines="N" HoldFlag="N" HoldReasonCode="" ImportLicenseNo="" InvoicedQty="2" IsBundleParent="N" ItemGroupCode="PROD" KitCode="" LineSeqNo="1.1" LineType="" MaxLineStatus="3700.2000" MaxLineStatusDesc="Delivered To Customer" MinLineStatus="3700.2000" MinLineStatusDesc="Delivered To Customer" OpenQty="0" OrderHeaderKey="2022011908003168172864" OrderLineKey="2022011908005968173409" OrderedQty="2" OriginalOrderedQty="2" OtherCharges="0.00" PackListType="" PersonalizeCode="" PersonalizeFlag="" PickableFlag="Y" PrimeLineNo="1" Purpose="" RemainingQty="0" ReqShipDate="2022-01-20T05:00:00+00:00" ReservationID="SHP_CCC1004648" ReservationPool="" SCAC="" ScacAndService="" ScacAndServiceKey="" Segment="" SegmentType="" SerialNo="" ShipNode="466" ShipToID="00398015" ShipTogetherNo="" SplitQty="0" Status="Delivered To Customer" StatusQuantity="2" SubLineNo="1" SubstituteItemID="" SubstituteItemUOM="" isHistory="N">
      <Item CostCurrency="" CountryOfOrigin="" CustomerItem="111160" CustomerItemDesc="Fluarix Tetra 2020 Vacuna Influenza" ECCNNo="" HarmonizedCode="" ISBN="" ItemDesc="Fluarix Tetra 2020 Vacuna Influenza" ItemID="111160" ItemShortDesc="Fluarix Tetra 2020 Vacuna contra Influenza 1 Jeringa" ItemWeight="10.00" ItemWeightUOM="GRAM" ManufacturerItem="" ManufacturerItemDesc="" ManufacturerName="" NMFCClass="" NMFCCode="" NMFCDescription="" ProductClass="REGULAR" ProductLine="" ScheduleBCode="" SupplierItem="" SupplierItemDesc="" TaxProductCode="" UPCCode="" UnitCost="0.00" UnitOfMeasure="EACH"/>
      <LinePriceInfo ActualPricingQty="2" DiscountPercentage="0.00" InvoicedPricingQty="2" IsPriceLocked="N" LineTotal="11580.00" ListPrice="0.00" OrderedPricingQty="2" PricingQtyConversionFactor="0" PricingUOM="EACH" RetailPrice="0.00" SettledAmount="0.00" SettledQuantity="0" TaxableFlag="Y" UnitPrice="5790.00"/>
      <OrderLineOptions/>
      <WorkOrders NumberOfWorkOrders="0"/>
      <Instructions NumberOfInstructions="0"/>
      <References/>
      <KitLines NumberOfKitLines="0"/>
      <ProductItems/>
      <AdditionalAddresses NumberOfAdditionalAddresses="0"/>
      <Notes NumberOfNotes="0"/>
      <ServiceAssociations/>
      <ProductAssociations/>
      <DeliveryAssociations/>
      <Schedules>
        <Schedule ExpectedDeliveryDate="2022-01-20T05:00:00+00:00" ExpectedShipmentDate="2022-01-20T05:00:00+00:00" OrderHeaderKey="2022011908003168172864" OrderLineKey="2022011908005968173409" OrderLineScheduleKey="202201190852012768173515" Quantity="2" ScheduleNo="3" TagNumber=""/>
      </Schedules>
      <LineOverallTotals Charges="0.00" Discount="0.00" ExtendedPrice="11580.00" LineTotal="11580.00" OptionPrice="0.00" PricingQty="2.00" Tax="0.00" UnitPrice="5790.00"/>
      <LineInvoicedTotals AdditionalLinePriceTotal="0.00" Charges="0.00" Discount="0.00" ExtendedPrice="11580.00" LineTotal="11580.00" OptionPrice="0.00" PricingQty="2.00" Tax="0.00" UnitPrice="5790.00"/>
      <LineRemainingTotals AdditionalLinePriceTotal="0.00" Charges="0.00" Discount="0.00" ExtendedPrice="0.00" LineTotal="0.00" OptionPrice="0.00" PricingQty="0.00" Tax="0.00" UnitPrice="5790.00"/>
      <LineCharges/>
      <LineTaxes>
        <LineTax ChargeCategory="TAX" ChargeName="SALES_TAX" ChargeNameKey="20200217045213576867911" InvoicedTax="1849.00" Reference_1="standard" Reference_2="" Reference_3="" RemainingTax="0.00" Tax="1849.00" TaxName="SALES_TAX" TaxPercentage="0.19"/>
        <TaxSummary>
          <TaxSummaryDetail InvoicedTax="1849.00" OverallTax="1849.00" RemainingTax="0.00" TaxName="SALES_TAX"/>
        </TaxSummary>
      </LineTaxes>
      <OrderStatuses>
        <OrderStatus OrderHeaderKey="2022011908003168172864" OrderLineKey="2022011908005968173409" OrderLineScheduleKey="202201190852012768173515" OrderReleaseKey="2022011908033668173837" OrderReleaseStatusKey="202201190822042468173979" PipelineKey="202004200522321016156546" ShipNode="466" Status="3700.2000" StatusDate="2022-01-19T08:04:24+00:00" StatusDescription="Delivered To Customer" StatusQty="2" TotalQuantity="2">
          <Details ExpectedDeliveryDate="2022-01-20T05:00:00+00:00" ExpectedShipmentDate="2022-01-20T05:00:00+00:00" TagNumber="">
            <KitDetails/>
          </Details>
        </OrderStatus>
      </OrderStatuses>
      <CapacityAllocations/>
    </OrderLine>
    <OrderLine AllocationDate="2022-01-20" ApptStatus="" AwaitingDeliveryRequest="N" CanAddServiceLines="N" CarrierAccountNo="" CarrierServiceCode="NextDay" CustomerLinePONo="" CustomerPONo="" DeliveryCode="" DeliveryMethod="SHP" DepartmentCode="" FreightTerms="" FulfillmentType="SHIP_TO_HOME" HasDeliveryLines="N" HasServiceLines="N" HoldFlag="N" HoldReasonCode="" ImportLicenseNo="" InvoicedQty="1" IsBundleParent="N" ItemGroupCode="PROD" KitCode="" LineSeqNo="2.1" LineType="" MaxLineStatus="3700.2000" MaxLineStatusDesc="Delivered To Customer" MinLineStatus="3700.2000" MinLineStatusDesc="Delivered To Customer" OpenQty="0" OrderHeaderKey="2022011908003168172864" OrderLineKey="2022011908005968173410" OrderedQty="1" OriginalOrderedQty="1" OtherCharges="0.00" PackListType="" PersonalizeCode="" PersonalizeFlag="" PickableFlag="Y" PrimeLineNo="2" Purpose="" RemainingQty="0" ReqShipDate="2022-01-20T05:00:00+00:00" ReservationID="SHP_CCC1004648" ReservationPool="" SCAC="" ScacAndService="" ScacAndServiceKey="" Segment="" SegmentType="" SerialNo="" ShipNode="466" ShipToID="00398015" ShipTogetherNo="" SplitQty="0" Status="Delivered To Customer" StatusQuantity="1" SubLineNo="1" SubstituteItemID="" SubstituteItemUOM="" isHistory="N">
      <Item CostCurrency="" CountryOfOrigin="" CustomerItem="102417" CustomerItemDesc="Cerca de 48.000 pequeÃ±os tenderos en BogotÃ¡, que trabajan en tiendas de barrio, peluquerÃ­as, papelerÃ­as, miscelÃ¡neas y otros negocios que han ayudado prestando su servicio, estÃ¡n en crisis y necesitan nuestra mano solidaria. Por esta razÃ³n, la FundaciÃ³n Solidaridad por Chile, FENALCO, Cruz Verde, Fenaltiendas, Fundecomercio, tuboleta, ProbogotÃ¡ y Punto Red se unen a esta iniciativa." ECCNNo="" HarmonizedCode="" ISBN="" ItemDesc="Cerca de 48.000 pequeÃ±os tenderos en BogotÃ¡, que trabajan en tiendas de barrio, peluquerÃ­as, papelerÃ­as, miscelÃ¡neas y otros negocios que han ayudado prestando su servicio, estÃ¡n en crisis y necesitan nuestra mano solidaria. Por esta razÃ³n, la FundaciÃ³n Solidaridad por Chile, FENALCO, Cruz Verde, Fenaltiendas, Fundecomercio, tuboleta, ProbogotÃ¡ y Punto Red se unen a esta iniciativa." ItemID="102417" ItemShortDesc="DonaciÃ³n Coronaton â€“ FundaciÃ³n Solidaridad por Chile" ItemWeight="0.00" ItemWeightUOM="LBS" ManufacturerItem="" ManufacturerItemDesc="" ManufacturerName="FUNDACIÃ“N SOLIDARIDAD POR Chile" NMFCClass="" NMFCCode="" NMFCDescription="" ProductClass="REGULAR" ProductLine="" ScheduleBCode="" SupplierItem="" SupplierItemDesc="" TaxProductCode="" UPCCode="" UnitCost="0.00" UnitOfMeasure="EACH"/>
      <LinePriceInfo ActualPricingQty="1" DiscountPercentage="0.00" InvoicedPricingQty="1" IsPriceLocked="N" LineTotal="3090.00" ListPrice="0.00" OrderedPricingQty="1" PricingQtyConversionFactor="0" PricingUOM="EACH" RetailPrice="0.00" SettledAmount="0.00" SettledQuantity="0" TaxableFlag="Y" UnitPrice="3090.00"/>
      <OrderLineOptions/>
      <WorkOrders NumberOfWorkOrders="0"/>
      <Instructions NumberOfInstructions="0"/>
      <References/>
      <KitLines NumberOfKitLines="0"/>
      <ProductItems/>
      <AdditionalAddresses NumberOfAdditionalAddresses="0"/>
      <Notes NumberOfNotes="0"/>
      <ServiceAssociations/>
      <ProductAssociations/>
      <DeliveryAssociations/>
      <Schedules>
        <Schedule ExpectedDeliveryDate="2022-01-20T05:00:00+00:00" ExpectedShipmentDate="2022-01-20T05:00:00+00:00" OrderHeaderKey="2022011908003168172864" OrderLineKey="2022011908005968173410" OrderLineScheduleKey="202201190868012668173488" Quantity="1" ScheduleNo="3" TagNumber=""/>
      </Schedules>
      <LineOverallTotals Charges="0.00" Discount="0.00" ExtendedPrice="3090.00" LineTotal="3090.00" OptionPrice="0.00" PricingQty="1.00" Tax="0.00" UnitPrice="3090.00"/>
      <LineInvoicedTotals AdditionalLinePriceTotal="0.00" Charges="0.00" Discount="0.00" ExtendedPrice="3090.00" LineTotal="3090.00" OptionPrice="0.00" PricingQty="1.00" Tax="0.00" UnitPrice="3090.00"/>
      <LineRemainingTotals AdditionalLinePriceTotal="0.00" Charges="0.00" Discount="0.00" ExtendedPrice="0.00" LineTotal="0.00" OptionPrice="0.00" PricingQty="0.00" Tax="0.00" UnitPrice="3090.00"/>
      <LineCharges/>
      <LineTaxes>
        <LineTax ChargeCategory="TAX" ChargeName="SALES_TAX" ChargeNameKey="20200217045213576867911" InvoicedTax="493.00" Reference_1="standard" Reference_2="" Reference_3="" RemainingTax="0.00" Tax="493.00" TaxName="SALES_TAX" TaxPercentage="0.19"/>
        <TaxSummary>
          <TaxSummaryDetail InvoicedTax="493.00" OverallTax="493.00" RemainingTax="0.00" TaxName="SALES_TAX"/>
        </TaxSummary>
      </LineTaxes>
      <OrderStatuses>
        <OrderStatus OrderHeaderKey="2022011908003168172864" OrderLineKey="2022011908005968173410" OrderLineScheduleKey="202201190868012668173488" OrderReleaseKey="2022011908033668173837" OrderReleaseStatusKey="202201190884042468173980" PipelineKey="202004200522321016156546" ShipNode="466" Status="3700.2000" StatusDate="2022-01-19T08:04:25+00:00" StatusDescription="Delivered To Customer" StatusQty="1" TotalQuantity="1">
          <Details ExpectedDeliveryDate="2022-01-20T05:00:00+00:00" ExpectedShipmentDate="2022-01-20T05:00:00+00:00" TagNumber="">
            <KitDetails/>
          </Details>
        </OrderStatus>
      </OrderStatuses>
      <CapacityAllocations/>
    </OrderLine>
  </OrderLines>
  <Instructions NumberOfInstructions="0"/>
  <PersonInfoShipTo AddressLine1="Avenida Providencia 1144, Providencia, Chile" AddressLine2="" AddressLine3="" AddressLine4="Providencia" AddressLine5="" AddressLine6="" AlternateEmailID="" Beeper="" City="Providencia" Company="" Country="CL" DayFaxNo="" DayPhone="" Department="" EMailID="" EveningFaxNo="" EveningPhone="" FirstName="Sole" JobTitle="" LastName="Pruebas" MiddleName="" MobilePhone="" OtherPhone="" PersonID="" PersonInfoKey="2021111205145760313008" State="Región Metropolitana" Suffix="" Title="" ZipCode=""/>
  <PersonInfoBillTo AddressLine1="Avenida Providencia 1144, Providencia, Chile" AddressLine2="" AddressLine3="" AddressLine4="Providencia" AddressLine5="" AddressLine6="" AlternateEmailID="" Beeper="" City="Providencia" Company="" Country="CL" DayFaxNo="" DayPhone="" Department="" EMailID="correo@pruebas11.cl" EveningFaxNo="" EveningPhone="" FirstName="Sole" JobTitle="" LastName="Pruebas" MiddleName="" MobilePhone="" OtherPhone="" PersonID="" PersonInfoKey="2021111205095760312239" State="Región Metropolitana" Suffix="" Title="" ZipCode=""/>
  <AdditionalAddresses NumberOfAdditionalAddresses="0"/>
  <References>
    <Reference Name="MERCADOPAGO_PREFID" Value="488645542-a5c05724-9971-480e-ad86-a1b51b48ebaf"/>
    <Reference Name="BOLETA_ID" Value="14693402"/>
  </References>
  <PaymentMethods>
    <PaymentMethod CheckNo="" CheckReference="" CreditCardExpDate="102025" CreditCardName="Sole" CreditCardNo="371180" CreditCardType="AMEX" CustomerPONo="" DisplayCreditCardNo="7522" DisplayCustomerAccountNo="" DisplayPaymentReference1="" DisplaySvcNo="" FundsAvailable="0.00" GetFundsAvailableUserExitInvoked="N" PaymentReference1="" PaymentReference2="MPAGO_CREDIT" PaymentReference3="111111111" PaymentType="CREDIT_CARD"/>
  </PaymentMethods>
  <ChargeTransactionDetails AdditionalExpectedAuthorizations="0.00" TotalCredits="17660.00" TotalDebits="17660.00" TotalOpenAuthorizations="0.00" TotalOpenBookings="0.00" TotalTransferredIn="0.00" TotalTransferredOut="0.00">
    <ChargeTransactionDetail AuditTransactionID="" AuthorizationExpirationDate="2022-01-19T08:03:08+00:00" AuthorizationID="" BookAmount="0.00" ChargeTransactionKey="2022011908030868173806" ChargeType="CHARGE" CollectionDate="2022-01-19T08:03:08+00:00" CreditAmount="17660.00" DebitAmount="0.00" DistributedAmount="0.00" HoldAgainstBook="Y" OpenAuthorizedAmount="0.00" OrderHeaderKey="2022011908003168172864" OrderInvoiceKey="" PaymentKey="202201190888030868173805" RequestAmount="17660.00" SettledAmount="0.00" Status="CHECKED" TransactionDate="2022-01-19T08:03:13+00:00" TransferFromOhKey="" TransferToOhKey="" UserExitStatus="">
      <InvoiceCollectionDetails/>
      <CreditCardTransactions/>
      <TransferToOrder/>
      <TransferFromOrder/>
    </ChargeTransactionDetail>
    <ChargeTransactionDetail AuditTransactionID="" AuthorizationExpirationDate="2022-01-19T08:03:10+00:00" AuthorizationID="" BookAmount="17660.00" ChargeTransactionKey="2022011908031068173807" ChargeType="CREATE_ORDER" CollectionDate="2022-01-19T08:03:10+00:00" CreditAmount="0.00" DebitAmount="0.00" DistributedAmount="0.00" HoldAgainstBook="" OpenAuthorizedAmount="0.00" OrderHeaderKey="2022011908003168172864" OrderInvoiceKey="" PaymentKey="" RequestAmount="0.00" SettledAmount="0.00" Status="CHECKED" TransactionDate="2022-01-19T08:03:13+00:00" TransferFromOhKey="" TransferToOhKey="" UserExitStatus="">
      <InvoiceCollectionDetails/>
      <CreditCardTransactions/>
      <TransferToOrder/>
      <TransferFromOrder/>
    </ChargeTransactionDetail>
    <ChargeTransactionDetail AuditTransactionID="" AuthorizationExpirationDate="2022-01-19T08:04:22+00:00" AuthorizationID="" BookAmount="-17660.00" ChargeTransactionKey="2022011908042268173965" ChargeType="SHIPMENT" CollectionDate="2022-01-19T08:04:22+00:00" CreditAmount="0.00" DebitAmount="17660.00" DistributedAmount="0.00" HoldAgainstBook="" OpenAuthorizedAmount="0.00" OrderHeaderKey="2022011908003168172864" OrderInvoiceKey="202201190887042268173958" PaymentKey="" RequestAmount="0.00" SettledAmount="0.00" Status="OPEN" TransactionDate="2022-01-19T08:04:22+00:00" TransferFromOhKey="" TransferToOhKey="" UserExitStatus="">
      <InvoiceCollectionDetails/>
      <CreditCardTransactions/>
      <TransferToOrder/>
      <TransferFromOrder/>
    </ChargeTransactionDetail>
  </ChargeTransactionDetails>
  <ProductServiceAssocs/>
  <OverallTotals GrandCharges="2990.00" GrandDiscount="0.00" GrandTax="0.00" GrandTotal="17660.00" HdrCharges="2990.00" HdrDiscount="0.00" HdrTax="0.00" HdrTotal="2990.00" LineSubTotal="14670.00"/>
  <InvoicedTotals GrandCharges="2990.00" GrandDiscount="0.00" GrandTax="0.00" GrandTotal="17660.00" HdrCharges="2990.00" HdrDiscount="0.00" HdrTax="0.00" HdrTotal="2990.00" LineSubTotal="14670.00"/>
  <RemainingTotals GrandCharges="0.00" GrandDiscount="0.00" GrandTax="0.00" GrandTotal="0.00" HdrCharges="0.00" HdrDiscount="0.00" HdrTax="0.00" HdrTotal="0.00" LineSubTotal="0.00"/>
  <HeaderCharges>
    <HeaderCharge ChargeAmount="2990.00" ChargeCategory="SHIPPING" ChargeName="SHIPPING_CHARGE" ChargeNameKey="201911051207401838388" InvoicedChargeAmount="2990.00" IsBillable="Y" IsDiscount="N" Reference="" RemainingChargeAmount="0.00"/>
    <HeaderCharge ChargeAmount="0.00" ChargeCategory="DISCOUNT" ChargeName="SHIP_DISCOUNT" ChargeNameKey="201911051206481838382" InvoicedChargeAmount="0.00" IsBillable="Y" IsDiscount="Y" Reference="" RemainingChargeAmount="0.00"/>
  </HeaderCharges>
  <HeaderTaxes>
    <HeaderTax ChargeCategory="TAX" ChargeName="SHIPPING_TAX" ChargeNameKey="20200217045236576870517" InvoicedTax="477.00" Reference_1="" Reference_2="" Reference_3="" RemainingTax="0.00" Tax="477.00" TaxName="SHIPPING_TAX" TaxPercentage="0.00" TaxableFlag="N"/>
    <TaxSummary>
      <TaxSummaryDetail InvoicedTax="477.00" OverallTax="477.00" RemainingTax="0.00" TaxName="SHIPPING_TAX"/>
    </TaxSummary>
  </HeaderTaxes>
  <OrderStatuses>
    <OrderStatus OrderHeaderKey="2022011908003168172864" OrderLineKey="2022011908005968173409" OrderLineScheduleKey="202201190852012768173515" OrderReleaseKey="2022011908033668173837" OrderReleaseStatusKey="202201190822042468173979" PipelineKey="202004200522321016156546" ShipNode="466" Status="3700.2000" StatusDate="2022-01-19T08:04:24+00:00" StatusDescription="Delivered To Customer" StatusQty="2" TotalQuantity="2">
      <Details ExpectedDeliveryDate="2022-01-20T05:00:00+00:00" ExpectedShipmentDate="2022-01-20T05:00:00+00:00" TagNumber=""/>
    </OrderStatus>
    <OrderStatus OrderHeaderKey="2022011908003168172864" OrderLineKey="2022011908005968173410" OrderLineScheduleKey="202201190868012668173488" OrderReleaseKey="2022011908033668173837" OrderReleaseStatusKey="202201190884042468173980" PipelineKey="202004200522321016156546" ShipNode="466" Status="3700.2000" StatusDate="2022-01-19T08:04:25+00:00" StatusDescription="Delivered To Customer" StatusQty="1" TotalQuantity="1">
      <Details ExpectedDeliveryDate="2022-01-20T05:00:00+00:00" ExpectedShipmentDate="2022-01-20T05:00:00+00:00" TagNumber=""/>
    </OrderStatus>
  </OrderStatuses>
  <ExchangeOrders/>
</Order>

[INFO]-[2022-01-19 13:34:25.897]-[TestNG-test=OMS-1]-[onTestSuccess]-[TestListener.java:64]-Test successfully completed : TC04_COM_RegisteredUser_SFS_ML_OrderFulfillment[TestClass name=class com.perfaware.automation.oms.sterling.common.testcases.COM_RegisteredUser_SFS_OrderFulfillment]
]]></system-out>
  </testcase>
</testsuite>