<?xml version="1.0" encoding="UTF-8"?>
<!-- Generated by org.testng.reporters.JUnitXMLReporter -->
<testsuite hostname="DESKTOP-FEJVQKG" ignored="0" name="OMS" tests="2" failures="0" timestamp="2022-01-20T21:30:32 IST" time="138.887" errors="0">
  <testcase name="TC01_XML_BOPIS_SL_OrderFulfillment" time="82.791" classname="com.perfaware.automation.oms.sterling.common.testcases.XML_BOPIS_OrderFulfillment"/>
  <testcase name="TC02_XML_BOPIS_ML_OrderFulfillment" time="55.569" classname="com.perfaware.automation.oms.sterling.common.testcases.XML_BOPIS_OrderFulfillment"/>
</testsuite> <!-- OMS -->
