<?xml version="1.0" encoding="UTF-8"?>
<!-- Generated by org.testng.reporters.JUnitXMLReporter -->
<testsuite hostname="DESKTOP-FEJVQKG" ignored="0" name="OMS" tests="4" failures="2" timestamp="2022-01-31T00:15:31 IST" time="14.883" errors="0">
  <testcase name="TC02_XML_BOPIS_ML_OrderFulfillment" time="0.044" classname="com.perfaware.automation.oms.sterling.common.testcases.XML_BOPIS_OrderFulfillment"/>
  <testcase name="TC01_XML_BOPIS_SL_OrderFulfillment" time="9.362" classname="com.perfaware.automation.oms.sterling.common.testcases.XML_BOPIS_OrderFulfillment">
    <skipped/>
  </testcase> <!-- TC01_XML_BOPIS_SL_OrderFulfillment -->
  <testcase name="TC01_XML_BOPIS_SL_OrderFulfillment" time="5.279" classname="com.perfaware.automation.oms.sterling.common.testcases.XML_BOPIS_OrderFulfillment">
    <failure type="java.lang.NullPointerException">
      <![CDATA[java.lang.NullPointerException
at com.perfaware.automation.oms.sterling.common.testcaseUtils.APIMethods.getOrderDetails(APIMethods.java:565)
at com.perfaware.automation.oms.sterling.common.testcaseUtils.APIMethods.resolveHold(APIMethods.java:646)
at com.perfaware.automation.oms.sterling.common.testcases.XML_BOPIS_OrderFulfillment.TC01_XML_BOPIS_SL_OrderFulfillment(XML_BOPIS_OrderFulfillment.java:91)
at java.util.concurrent.ThreadPoolExecutor.runWorker(Unknown Source)
at java.util.concurrent.ThreadPoolExecutor$Worker.run(Unknown Source)
at java.lang.Thread.run(Unknown Source)
... Removed 12 stack frames]]>
    </failure>
  </testcase> <!-- TC01_XML_BOPIS_SL_OrderFulfillment -->
  <testcase name="TC01_XML_BOPIS_SL_OrderFulfillment" time="14.693" classname="com.perfaware.automation.oms.sterling.common.testcases.XML_BOPIS_OrderFulfillment">
    <failure type="java.lang.NullPointerException">
      <![CDATA[java.lang.NullPointerException
at com.perfaware.automation.oms.sterling.common.testListeners.TestListener.onTestFailure(TestListener.java:91)
at java.util.concurrent.ThreadPoolExecutor.runWorker(Unknown Source)
at java.util.concurrent.ThreadPoolExecutor$Worker.run(Unknown Source)
at java.lang.Thread.run(Unknown Source)
... Removed 9 stack frames]]>
    </failure>
  </testcase> <!-- TC01_XML_BOPIS_SL_OrderFulfillment -->
</testsuite> <!-- OMS -->
