<?xml version="1.0" encoding="UTF-8"?>
<testng-results skipped="0" failed="1" ignored="2" retried="3" total="10" passed="4">
  <reporter-output>
  </reporter-output>
  <suite name="OMS API Test Suite" duration-ms="108841" started-at="2022-01-18T23:55:46 IST" finished-at="2022-01-18T23:57:35 IST">
    <groups>
      <group name="Regression">
        <method signature="XML_BOPIS_OrderFulfillment.TC01_XML_BOPIS_SL_OrderFulfillment()[pri:0, instance:com.perfaware.automation.oms.sterling.common.testcases.XML_BOPIS_OrderFulfillment@4034c28c]" name="TC01_XML_BOPIS_SL_OrderFulfillment" class="com.perfaware.automation.oms.sterling.common.testcases.XML_BOPIS_OrderFulfillment"/>
        <method signature="XML_BOPIS_OrderFulfillment.TC02_XML_BOPIS_ML_OrderFulfillment()[pri:0, instance:com.perfaware.automation.oms.sterling.common.testcases.XML_BOPIS_OrderFulfillment@4034c28c]" name="TC02_XML_BOPIS_ML_OrderFulfillment" class="com.perfaware.automation.oms.sterling.common.testcases.XML_BOPIS_OrderFulfillment"/>
      </group> <!-- Regression -->
      <group name="Smoke">
        <method signature="XML_BOPIS_OrderFulfillment.TC02_XML_BOPIS_ML_OrderFulfillment()[pri:0, instance:com.perfaware.automation.oms.sterling.common.testcases.XML_BOPIS_OrderFulfillment@4034c28c]" name="TC02_XML_BOPIS_ML_OrderFulfillment" class="com.perfaware.automation.oms.sterling.common.testcases.XML_BOPIS_OrderFulfillment"/>
      </group> <!-- Smoke -->
    </groups>
    <test name="OMS" duration-ms="108841" started-at="2022-01-18T23:55:46 IST" finished-at="2022-01-18T23:57:35 IST">
      <class name="com.perfaware.automation.oms.sterling.common.testcases.XML_BOPIS_OrderFulfillment">
        <test-method status="PASS" signature="initialSetup()[pri:0, instance:com.perfaware.automation.oms.sterling.common.testcases.XML_BOPIS_OrderFulfillment@4034c28c]" name="initialSetup" is-config="true" duration-ms="177" started-at="2022-01-18T23:55:46 IST" finished-at="2022-01-18T23:55:46 IST">
          <reporter-output>
          </reporter-output>
        </test-method> <!-- initialSetup -->
        <test-method status="PASS" signature="initiate()[pri:0, instance:com.perfaware.automation.oms.sterling.common.testcases.XML_BOPIS_OrderFulfillment@4034c28c]" name="initiate" is-config="true" duration-ms="159" started-at="2022-01-18T23:55:46 IST" finished-at="2022-01-18T23:55:46 IST">
          <reporter-output>
          </reporter-output>
        </test-method> <!-- initiate -->
        <test-method status="PASS" signature="TC01_XML_BOPIS_SL_OrderFulfillment()[pri:0, instance:com.perfaware.automation.oms.sterling.common.testcases.XML_BOPIS_OrderFulfillment@4034c28c]" name="TC01_XML_BOPIS_SL_OrderFulfillment" duration-ms="42994" started-at="2022-01-18T23:55:46 IST" finished-at="2022-01-18T23:56:29 IST">
          <reporter-output>
          </reporter-output>
        </test-method> <!-- TC01_XML_BOPIS_SL_OrderFulfillment -->
        <test-method status="PASS" signature="TC02_XML_BOPIS_ML_OrderFulfillment()[pri:0, instance:com.perfaware.automation.oms.sterling.common.testcases.XML_BOPIS_OrderFulfillment@4034c28c]" name="TC02_XML_BOPIS_ML_OrderFulfillment" duration-ms="65673" started-at="2022-01-18T23:56:29 IST" finished-at="2022-01-18T23:57:35 IST">
          <reporter-output>
          </reporter-output>
        </test-method> <!-- TC02_XML_BOPIS_ML_OrderFulfillment -->
        <test-method status="PASS" signature="sendReports()[pri:0, instance:com.perfaware.automation.oms.sterling.common.testcases.XML_BOPIS_OrderFulfillment@4034c28c]" name="sendReports" is-config="true" duration-ms="11446" started-at="2022-01-18T23:57:35 IST" finished-at="2022-01-18T23:57:46 IST">
          <reporter-output>
          </reporter-output>
        </test-method> <!-- sendReports -->
      </class> <!-- com.perfaware.automation.oms.sterling.common.testcases.XML_BOPIS_OrderFulfillment -->
    </test> <!-- OMS -->
  </suite> <!-- OMS API Test Suite -->
  <suite name="OMS UI Test Suite" duration-ms="423892" started-at="2022-01-18T23:48:28 IST" finished-at="2022-01-18T23:55:32 IST">
    <groups>
      <group name="Regression">
        <method signature="COM_LoginFunctionality.TC05_COM_LoginFunctionality()[pri:0, instance:com.perfaware.automation.oms.sterling.common.testcases.COM_LoginFunctionality@5d47c63f]" name="TC05_COM_LoginFunctionality" class="com.perfaware.automation.oms.sterling.common.testcases.COM_LoginFunctionality"/>
        <method signature="COM_RegisteredUser_SFS_OrderFulfillment.TC04_COM_RegisteredUser_SFS_ML_OrderFulfillment()[pri:0, instance:com.perfaware.automation.oms.sterling.common.testcases.COM_RegisteredUser_SFS_OrderFulfillment@400cff1a]" name="TC04_COM_RegisteredUser_SFS_ML_OrderFulfillment" class="com.perfaware.automation.oms.sterling.common.testcases.COM_RegisteredUser_SFS_OrderFulfillment"/>
      </group> <!-- Regression -->
      <group name="Smoke">
        <method signature="COM_RegisteredUser_SFS_OrderFulfillment.TC03_COM_RegisteredUser_SFS_SL_OrderFulfillment()[pri:0, instance:com.perfaware.automation.oms.sterling.common.testcases.COM_RegisteredUser_SFS_OrderFulfillment@400cff1a]" name="TC03_COM_RegisteredUser_SFS_SL_OrderFulfillment" class="com.perfaware.automation.oms.sterling.common.testcases.COM_RegisteredUser_SFS_OrderFulfillment"/>
      </group> <!-- Smoke -->
    </groups>
    <test name="OMS" duration-ms="423892" started-at="2022-01-18T23:48:28 IST" finished-at="2022-01-18T23:55:32 IST">
      <class name="com.perfaware.automation.oms.sterling.common.testcases.COM_LoginFunctionality">
        <test-method status="PASS" signature="initiate()[pri:0, instance:com.perfaware.automation.oms.sterling.common.testcases.COM_LoginFunctionality@5d47c63f]" name="initiate" is-config="true" duration-ms="261" started-at="2022-01-18T23:48:29 IST" finished-at="2022-01-18T23:48:29 IST">
          <reporter-output>
          </reporter-output>
        </test-method> <!-- initiate -->
        <test-method status="PASS" signature="driverInitialization()[pri:0, instance:com.perfaware.automation.oms.sterling.common.testcases.COM_LoginFunctionality@5d47c63f]" name="driverInitialization" is-config="true" duration-ms="13847" started-at="2022-01-18T23:48:29 IST" finished-at="2022-01-18T23:48:43 IST">
          <reporter-output>
          </reporter-output>
        </test-method> <!-- driverInitialization -->
        <test-method status="SKIP" signature="TC05_COM_LoginFunctionality()[pri:0, instance:com.perfaware.automation.oms.sterling.common.testcases.COM_LoginFunctionality@5d47c63f]" name="TC05_COM_LoginFunctionality" duration-ms="14784" retried="true" started-at="2022-01-18T23:48:43 IST" finished-at="2022-01-18T23:48:58 IST">
          <exception class="java.lang.AssertionError">
            <message>
              <![CDATA[expected [Invalid Credentials passed. Please try again...] but found [The combination of user name and password you entered does not match any existing accounts. Please try again.]]]>
            </message>
            <full-stacktrace>
              <![CDATA[java.lang.AssertionError: expected [Invalid Credentials passed. Please try again...] but found [The combination of user name and password you entered does not match any existing accounts. Please try again.]
at org.testng.Assert.fail(Assert.java:99)
at org.testng.Assert.failNotEquals(Assert.java:1037)
at org.testng.Assert.assertEqualsImpl(Assert.java:140)
at org.testng.Assert.assertEquals(Assert.java:122)
at org.testng.Assert.assertEquals(Assert.java:629)
at org.testng.Assert.assertEquals(Assert.java:639)
at com.perfaware.automation.oms.sterling.common.com.pageobjects.Page_COM_Login.captureLoginError(Page_COM_Login.java:72)
at com.perfaware.automation.oms.sterling.common.testcases.COM_LoginFunctionality.TC05_COM_LoginFunctionality(COM_LoginFunctionality.java:92)
at sun.reflect.NativeMethodAccessorImpl.invoke0(Native Method)
at sun.reflect.NativeMethodAccessorImpl.invoke(Unknown Source)
at sun.reflect.DelegatingMethodAccessorImpl.invoke(Unknown Source)
at java.lang.reflect.Method.invoke(Unknown Source)
at org.testng.internal.MethodInvocationHelper.invokeMethod(MethodInvocationHelper.java:133)
at org.testng.internal.TestInvoker.invokeMethod(TestInvoker.java:598)
at org.testng.internal.TestInvoker.invokeTestMethod(TestInvoker.java:173)
at org.testng.internal.MethodRunner.runInSequence(MethodRunner.java:46)
at org.testng.internal.TestInvoker$MethodInvocationAgent.invoke(TestInvoker.java:824)
at org.testng.internal.TestInvoker.invokeTestMethods(TestInvoker.java:146)
at org.testng.internal.TestMethodWorker.invokeTestMethods(TestMethodWorker.java:146)
at org.testng.internal.TestMethodWorker.run(TestMethodWorker.java:128)
at java.util.concurrent.ThreadPoolExecutor.runWorker(Unknown Source)
at java.util.concurrent.ThreadPoolExecutor$Worker.run(Unknown Source)
at java.lang.Thread.run(Unknown Source)
]]>
            </full-stacktrace>
          </exception> <!-- java.lang.AssertionError -->
          <reporter-output>
          </reporter-output>
        </test-method> <!-- TC05_COM_LoginFunctionality -->
        <test-method status="PASS" signature="tearDown()[pri:0, instance:com.perfaware.automation.oms.sterling.common.testcases.COM_LoginFunctionality@5d47c63f]" name="tearDown" is-config="true" duration-ms="943" started-at="2022-01-18T23:48:58 IST" finished-at="2022-01-18T23:48:59 IST">
          <reporter-output>
          </reporter-output>
        </test-method> <!-- tearDown -->
        <test-method status="PASS" signature="driverInitialization()[pri:0, instance:com.perfaware.automation.oms.sterling.common.testcases.COM_LoginFunctionality@5d47c63f]" name="driverInitialization" is-config="true" duration-ms="9647" started-at="2022-01-18T23:48:59 IST" finished-at="2022-01-18T23:49:08 IST">
          <reporter-output>
          </reporter-output>
        </test-method> <!-- driverInitialization -->
        <test-method status="FAIL" signature="TC05_COM_LoginFunctionality()[pri:0, instance:com.perfaware.automation.oms.sterling.common.testcases.COM_LoginFunctionality@5d47c63f]" name="TC05_COM_LoginFunctionality" duration-ms="17822" started-at="2022-01-18T23:49:08 IST" finished-at="2022-01-18T23:49:26 IST">
          <exception class="java.lang.AssertionError">
            <message>
              <![CDATA[expected [Invalid Credentials passed. Please try again...] but found [The combination of user name and password you entered does not match any existing accounts. Please try again.]]]>
            </message>
            <full-stacktrace>
              <![CDATA[java.lang.AssertionError: expected [Invalid Credentials passed. Please try again...] but found [The combination of user name and password you entered does not match any existing accounts. Please try again.]
at org.testng.Assert.fail(Assert.java:99)
at org.testng.Assert.failNotEquals(Assert.java:1037)
at org.testng.Assert.assertEqualsImpl(Assert.java:140)
at org.testng.Assert.assertEquals(Assert.java:122)
at org.testng.Assert.assertEquals(Assert.java:629)
at org.testng.Assert.assertEquals(Assert.java:639)
at com.perfaware.automation.oms.sterling.common.com.pageobjects.Page_COM_Login.captureLoginError(Page_COM_Login.java:72)
at com.perfaware.automation.oms.sterling.common.testcases.COM_LoginFunctionality.TC05_COM_LoginFunctionality(COM_LoginFunctionality.java:92)
at sun.reflect.NativeMethodAccessorImpl.invoke0(Native Method)
at sun.reflect.NativeMethodAccessorImpl.invoke(Unknown Source)
at sun.reflect.DelegatingMethodAccessorImpl.invoke(Unknown Source)
at java.lang.reflect.Method.invoke(Unknown Source)
at org.testng.internal.MethodInvocationHelper.invokeMethod(MethodInvocationHelper.java:133)
at org.testng.internal.TestInvoker.invokeMethod(TestInvoker.java:598)
at org.testng.internal.TestInvoker.retryFailed(TestInvoker.java:213)
at org.testng.internal.MethodRunner.runInSequence(MethodRunner.java:58)
at org.testng.internal.TestInvoker$MethodInvocationAgent.invoke(TestInvoker.java:824)
at org.testng.internal.TestInvoker.invokeTestMethods(TestInvoker.java:146)
at org.testng.internal.TestMethodWorker.invokeTestMethods(TestMethodWorker.java:146)
at org.testng.internal.TestMethodWorker.run(TestMethodWorker.java:128)
at java.util.concurrent.ThreadPoolExecutor.runWorker(Unknown Source)
at java.util.concurrent.ThreadPoolExecutor$Worker.run(Unknown Source)
at java.lang.Thread.run(Unknown Source)
]]>
            </full-stacktrace>
          </exception> <!-- java.lang.AssertionError -->
          <reporter-output>
          </reporter-output>
        </test-method> <!-- TC05_COM_LoginFunctionality -->
        <test-method status="PASS" signature="tearDown()[pri:0, instance:com.perfaware.automation.oms.sterling.common.testcases.COM_LoginFunctionality@5d47c63f]" name="tearDown" is-config="true" duration-ms="5529" started-at="2022-01-18T23:49:26 IST" finished-at="2022-01-18T23:49:32 IST">
          <reporter-output>
          </reporter-output>
        </test-method> <!-- tearDown -->
      </class> <!-- com.perfaware.automation.oms.sterling.common.testcases.COM_LoginFunctionality -->
      <class name="com.perfaware.automation.oms.sterling.common.testcases.COM_RegisteredUser_SFS_OrderFulfillment">
        <test-method status="PASS" signature="initialSetup()[pri:0, instance:com.perfaware.automation.oms.sterling.common.testcases.COM_RegisteredUser_SFS_OrderFulfillment@400cff1a]" name="initialSetup" is-config="true" duration-ms="2836" started-at="2022-01-18T23:48:26 IST" finished-at="2022-01-18T23:48:28 IST">
          <reporter-output>
          </reporter-output>
        </test-method> <!-- initialSetup -->
        <test-method status="PASS" signature="initiate()[pri:0, instance:com.perfaware.automation.oms.sterling.common.testcases.COM_RegisteredUser_SFS_OrderFulfillment@400cff1a]" name="initiate" is-config="true" duration-ms="328" started-at="2022-01-18T23:48:29 IST" finished-at="2022-01-18T23:48:29 IST">
          <reporter-output>
          </reporter-output>
        </test-method> <!-- initiate -->
        <test-method status="PASS" signature="driverInitialization()[pri:0, instance:com.perfaware.automation.oms.sterling.common.testcases.COM_RegisteredUser_SFS_OrderFulfillment@400cff1a]" name="driverInitialization" is-config="true" duration-ms="14370" started-at="2022-01-18T23:48:29 IST" finished-at="2022-01-18T23:48:44 IST">
          <reporter-output>
          </reporter-output>
        </test-method> <!-- driverInitialization -->
        <test-method status="PASS" signature="driverInitialization()[pri:0, instance:com.perfaware.automation.oms.sterling.common.testcases.COM_RegisteredUser_SFS_OrderFulfillment@400cff1a]" name="driverInitialization" is-config="true" duration-ms="13280" started-at="2022-01-18T23:48:29 IST" finished-at="2022-01-18T23:48:42 IST">
          <reporter-output>
          </reporter-output>
        </test-method> <!-- driverInitialization -->
        <test-method status="SKIP" signature="TC04_COM_RegisteredUser_SFS_ML_OrderFulfillment()[pri:0, instance:com.perfaware.automation.oms.sterling.common.testcases.COM_RegisteredUser_SFS_OrderFulfillment@400cff1a]" name="TC04_COM_RegisteredUser_SFS_ML_OrderFulfillment" duration-ms="79268" retried="true" started-at="2022-01-18T23:48:42 IST" finished-at="2022-01-18T23:50:02 IST">
          <exception class="java.lang.IndexOutOfBoundsException">
            <message>
              <![CDATA[Index: 0, Size: 0]]>
            </message>
            <full-stacktrace>
              <![CDATA[java.lang.IndexOutOfBoundsException: Index: 0, Size: 0
at java.util.ArrayList.rangeCheck(Unknown Source)
at java.util.ArrayList.get(Unknown Source)
at com.perfaware.automation.oms.sterling.common.com.pageobjects.Page_FulfillmentSummary.selectShippingOptions(Page_FulfillmentSummary.java:58)
at com.perfaware.automation.oms.sterling.common.testcaseUtils.COMTestMethods.COM_RegisteredUser_OrderCreation(COMTestMethods.java:75)
at com.perfaware.automation.oms.sterling.common.testcases.COM_RegisteredUser_SFS_OrderFulfillment.TC04_COM_RegisteredUser_SFS_ML_OrderFulfillment(COM_RegisteredUser_SFS_OrderFulfillment.java:131)
at sun.reflect.NativeMethodAccessorImpl.invoke0(Native Method)
at sun.reflect.NativeMethodAccessorImpl.invoke(Unknown Source)
at sun.reflect.DelegatingMethodAccessorImpl.invoke(Unknown Source)
at java.lang.reflect.Method.invoke(Unknown Source)
at org.testng.internal.MethodInvocationHelper.invokeMethod(MethodInvocationHelper.java:133)
at org.testng.internal.TestInvoker.invokeMethod(TestInvoker.java:598)
at org.testng.internal.TestInvoker.invokeTestMethod(TestInvoker.java:173)
at org.testng.internal.MethodRunner.runInSequence(MethodRunner.java:46)
at org.testng.internal.TestInvoker$MethodInvocationAgent.invoke(TestInvoker.java:824)
at org.testng.internal.TestInvoker.invokeTestMethods(TestInvoker.java:146)
at org.testng.internal.TestMethodWorker.invokeTestMethods(TestMethodWorker.java:146)
at org.testng.internal.TestMethodWorker.run(TestMethodWorker.java:128)
at java.util.concurrent.ThreadPoolExecutor.runWorker(Unknown Source)
at java.util.concurrent.ThreadPoolExecutor$Worker.run(Unknown Source)
at java.lang.Thread.run(Unknown Source)
]]>
            </full-stacktrace>
          </exception> <!-- java.lang.IndexOutOfBoundsException -->
          <reporter-output>
          </reporter-output>
        </test-method> <!-- TC04_COM_RegisteredUser_SFS_ML_OrderFulfillment -->
        <test-method status="SKIP" signature="TC03_COM_RegisteredUser_SFS_SL_OrderFulfillment()[pri:0, instance:com.perfaware.automation.oms.sterling.common.testcases.COM_RegisteredUser_SFS_OrderFulfillment@400cff1a]" name="TC03_COM_RegisteredUser_SFS_SL_OrderFulfillment" duration-ms="74377" retried="true" started-at="2022-01-18T23:48:44 IST" finished-at="2022-01-18T23:49:58 IST">
          <exception class="java.lang.IndexOutOfBoundsException">
            <message>
              <![CDATA[Index: 0, Size: 0]]>
            </message>
            <full-stacktrace>
              <![CDATA[java.lang.IndexOutOfBoundsException: Index: 0, Size: 0
at java.util.ArrayList.rangeCheck(Unknown Source)
at java.util.ArrayList.get(Unknown Source)
at com.perfaware.automation.oms.sterling.common.com.pageobjects.Page_FulfillmentSummary.selectShippingOptions(Page_FulfillmentSummary.java:58)
at com.perfaware.automation.oms.sterling.common.testcaseUtils.COMTestMethods.COM_RegisteredUser_OrderCreation(COMTestMethods.java:75)
at com.perfaware.automation.oms.sterling.common.testcases.COM_RegisteredUser_SFS_OrderFulfillment.TC03_COM_RegisteredUser_SFS_SL_OrderFulfillment(COM_RegisteredUser_SFS_OrderFulfillment.java:115)
at sun.reflect.NativeMethodAccessorImpl.invoke0(Native Method)
at sun.reflect.NativeMethodAccessorImpl.invoke(Unknown Source)
at sun.reflect.DelegatingMethodAccessorImpl.invoke(Unknown Source)
at java.lang.reflect.Method.invoke(Unknown Source)
at org.testng.internal.MethodInvocationHelper.invokeMethod(MethodInvocationHelper.java:133)
at org.testng.internal.TestInvoker.invokeMethod(TestInvoker.java:598)
at org.testng.internal.TestInvoker.invokeTestMethod(TestInvoker.java:173)
at org.testng.internal.MethodRunner.runInSequence(MethodRunner.java:46)
at org.testng.internal.TestInvoker$MethodInvocationAgent.invoke(TestInvoker.java:824)
at org.testng.internal.TestInvoker.invokeTestMethods(TestInvoker.java:146)
at org.testng.internal.TestMethodWorker.invokeTestMethods(TestMethodWorker.java:146)
at org.testng.internal.TestMethodWorker.run(TestMethodWorker.java:128)
at java.util.concurrent.ThreadPoolExecutor.runWorker(Unknown Source)
at java.util.concurrent.ThreadPoolExecutor$Worker.run(Unknown Source)
at java.lang.Thread.run(Unknown Source)
]]>
            </full-stacktrace>
          </exception> <!-- java.lang.IndexOutOfBoundsException -->
          <reporter-output>
          </reporter-output>
        </test-method> <!-- TC03_COM_RegisteredUser_SFS_SL_OrderFulfillment -->
        <test-method status="PASS" signature="tearDown()[pri:0, instance:com.perfaware.automation.oms.sterling.common.testcases.COM_RegisteredUser_SFS_OrderFulfillment@400cff1a]" name="tearDown" is-config="true" duration-ms="793" started-at="2022-01-18T23:49:58 IST" finished-at="2022-01-18T23:49:59 IST">
          <reporter-output>
          </reporter-output>
        </test-method> <!-- tearDown -->
        <test-method status="PASS" signature="driverInitialization()[pri:0, instance:com.perfaware.automation.oms.sterling.common.testcases.COM_RegisteredUser_SFS_OrderFulfillment@400cff1a]" name="driverInitialization" is-config="true" duration-ms="22125" started-at="2022-01-18T23:49:59 IST" finished-at="2022-01-18T23:50:21 IST">
          <reporter-output>
          </reporter-output>
        </test-method> <!-- driverInitialization -->
        <test-method status="PASS" signature="tearDown()[pri:0, instance:com.perfaware.automation.oms.sterling.common.testcases.COM_RegisteredUser_SFS_OrderFulfillment@400cff1a]" name="tearDown" is-config="true" duration-ms="887" started-at="2022-01-18T23:50:02 IST" finished-at="2022-01-18T23:50:03 IST">
          <reporter-output>
          </reporter-output>
        </test-method> <!-- tearDown -->
        <test-method status="PASS" signature="driverInitialization()[pri:0, instance:com.perfaware.automation.oms.sterling.common.testcases.COM_RegisteredUser_SFS_OrderFulfillment@400cff1a]" name="driverInitialization" is-config="true" duration-ms="28165" started-at="2022-01-18T23:50:03 IST" finished-at="2022-01-18T23:50:31 IST">
          <reporter-output>
          </reporter-output>
        </test-method> <!-- driverInitialization -->
        <test-method status="PASS" signature="TC03_COM_RegisteredUser_SFS_SL_OrderFulfillment()[pri:0, instance:com.perfaware.automation.oms.sterling.common.testcases.COM_RegisteredUser_SFS_OrderFulfillment@400cff1a]" name="TC03_COM_RegisteredUser_SFS_SL_OrderFulfillment" duration-ms="308771" started-at="2022-01-18T23:50:21 IST" finished-at="2022-01-18T23:55:30 IST">
          <reporter-output>
          </reporter-output>
        </test-method> <!-- TC03_COM_RegisteredUser_SFS_SL_OrderFulfillment -->
        <test-method status="PASS" signature="TC04_COM_RegisteredUser_SFS_ML_OrderFulfillment()[pri:0, instance:com.perfaware.automation.oms.sterling.common.testcases.COM_RegisteredUser_SFS_OrderFulfillment@400cff1a]" name="TC04_COM_RegisteredUser_SFS_ML_OrderFulfillment" duration-ms="300263" started-at="2022-01-18T23:50:31 IST" finished-at="2022-01-18T23:55:31 IST">
          <reporter-output>
          </reporter-output>
        </test-method> <!-- TC04_COM_RegisteredUser_SFS_ML_OrderFulfillment -->
        <test-method status="PASS" signature="tearDown()[pri:0, instance:com.perfaware.automation.oms.sterling.common.testcases.COM_RegisteredUser_SFS_OrderFulfillment@400cff1a]" name="tearDown" is-config="true" duration-ms="1384" started-at="2022-01-18T23:55:30 IST" finished-at="2022-01-18T23:55:31 IST">
          <reporter-output>
          </reporter-output>
        </test-method> <!-- tearDown -->
        <test-method status="PASS" signature="tearDown()[pri:0, instance:com.perfaware.automation.oms.sterling.common.testcases.COM_RegisteredUser_SFS_OrderFulfillment@400cff1a]" name="tearDown" is-config="true" duration-ms="1318" started-at="2022-01-18T23:55:31 IST" finished-at="2022-01-18T23:55:32 IST">
          <reporter-output>
          </reporter-output>
        </test-method> <!-- tearDown -->
        <test-method status="PASS" signature="sendReports()[pri:0, instance:com.perfaware.automation.oms.sterling.common.testcases.COM_RegisteredUser_SFS_OrderFulfillment@400cff1a]" name="sendReports" is-config="true" duration-ms="12947" started-at="2022-01-18T23:55:33 IST" finished-at="2022-01-18T23:55:46 IST">
          <reporter-output>
          </reporter-output>
        </test-method> <!-- sendReports -->
      </class> <!-- com.perfaware.automation.oms.sterling.common.testcases.COM_RegisteredUser_SFS_OrderFulfillment -->
    </test> <!-- OMS -->
  </suite> <!-- OMS UI Test Suite -->
  <suite name="OMS Test Suite" duration-ms="0" started-at="2022-01-18T23:57:47 IST" finished-at="2022-01-18T23:57:47 IST">
    <groups>
    </groups>
  </suite> <!-- OMS Test Suite -->
</testng-results>
