<?xml version="1.0" encoding="UTF-8"?>
<!-- Generated by org.testng.reporters.JUnitXMLReporter -->
<testsuite hostname="DESKTOP-FEJVQKG" ignored="2" name="OMS" tests="6" failures="1" timestamp="2022-01-21T12:25:01 IST" time="379.699" errors="0">
  <testcase name="TC04_COM_LoginFunctionality" time="14.076" classname="com.perfaware.automation.oms.sterling.common.testcases.COM_LoginFunctionality">
    <skipped/>
  </testcase> <!-- TC04_COM_LoginFunctionality -->
  <testcase name="TC04_COM_LoginFunctionality" time="13.672" classname="com.perfaware.automation.oms.sterling.common.testcases.COM_LoginFunctionality">
    <failure type="java.lang.AssertionError" message="expected [Invalid Credentials passed. Please try again...] but found [The combination of user name and password you entered does not match any existing accounts. Please try again.]">
      <![CDATA[java.lang.AssertionError: expected [Invalid Credentials passed. Please try again...] but found [The combination of user name and password you entered does not match any existing accounts. Please try again.]
at com.perfaware.automation.oms.sterling.common.com.pageobjects.Page_COM_Login.captureLoginError(Page_COM_Login.java:72)
at com.perfaware.automation.oms.sterling.common.testcases.COM_LoginFunctionality.TC04_COM_LoginFunctionality(COM_LoginFunctionality.java:92)
at java.util.concurrent.ThreadPoolExecutor.runWorker(Unknown Source)
at java.util.concurrent.ThreadPoolExecutor$Worker.run(Unknown Source)
at java.lang.Thread.run(Unknown Source)
... Removed 18 stack frames]]>
    </failure>
  </testcase> <!-- TC04_COM_LoginFunctionality -->
  <testcase name="TC05_COM_RegisteredUser_SFS_SL_OrderFulfillment" time="78.8" classname="com.perfaware.automation.oms.sterling.common.testcases.COM_RegisteredUser_SFS_OrderFulfillment">
    <skipped/>
  </testcase> <!-- TC05_COM_RegisteredUser_SFS_SL_OrderFulfillment -->
  <testcase name="TC03_COM_RegisteredUser_SFS_ML_OrderFulfillment" time="81.412" classname="com.perfaware.automation.oms.sterling.common.testcases.COM_RegisteredUser_SFS_OrderFulfillment">
    <skipped/>
  </testcase> <!-- TC03_COM_RegisteredUser_SFS_ML_OrderFulfillment -->
  <testcase name="TC05_COM_RegisteredUser_SFS_SL_OrderFulfillment" time="271.35" classname="com.perfaware.automation.oms.sterling.common.testcases.COM_RegisteredUser_SFS_OrderFulfillment"/>
  <testcase name="TC03_COM_RegisteredUser_SFS_ML_OrderFulfillment" time="267.779" classname="com.perfaware.automation.oms.sterling.common.testcases.COM_RegisteredUser_SFS_OrderFulfillment"/>
  <testcase name="@AfterSuite sendReports" time="0.0" classname="com.perfaware.automation.oms.sterling.common.testcaseUtils.TestCaseBase">
    <ignored/>
  </testcase> <!-- @AfterSuite sendReports -->
  <testcase name="@BeforeSuite initialSetup" time="0.0" classname="com.perfaware.automation.oms.sterling.common.testcaseUtils.TestCaseBase">
    <ignored/>
  </testcase> <!-- @BeforeSuite initialSetup -->
</testsuite> <!-- OMS -->
