<?xml version="1.0" encoding="UTF-8"?>
<!-- Generated by org.testng.reporters.JUnitXMLReporter -->
<testsuite hostname="DESKTOP-FEJVQKG" ignored="0" name="OMS Regression Tests" tests="2" failures="0" timestamp="2022-01-18T11:30:30 IST" time="139.187" errors="0">
  <testcase name="TC01_XML_BOPIS_SL_OrderFulfillment" time="76.343" classname="com.perfaware.automation.oms.sterling.common.testcases.XML_BOPIS_OrderFulfillment"/>
  <testcase name="TC02_XML_BOPIS_ML_OrderFulfillment" time="62.36" classname="com.perfaware.automation.oms.sterling.common.testcases.XML_BOPIS_OrderFulfillment"/>
</testsuite> <!-- OMS Regression Tests -->
