<?xml version="1.0" encoding="UTF-8"?>
<!-- Generated by org.testng.reporters.JUnitXMLReporter -->
<testsuite hostname="DESKTOP-FEJVQKG" ignored="7" name="OMS" tests="2" failures="0" timestamp="2022-01-18T22:51:34 IST" time="305.654" errors="0">
  <testcase name="TC02_XML_BOPIS_ML_OrderFulfillment" time="67.271" classname="com.perfaware.automation.oms.sterling.common.testcases.XML_BOPIS_OrderFulfillment"/>
  <testcase name="TC03_COM_RegisteredUser_SFS_OrderFulfillment" time="286.207" classname="com.perfaware.automation.oms.sterling.common.testcases.COM_RegisteredUser_SFS_OrderFulfillment"/>
  <testcase name="@AfterSuite sendReports" time="0.0" classname="com.perfaware.automation.oms.sterling.common.testcaseUtils.TestCaseBase">
    <ignored/>
  </testcase> <!-- @AfterSuite sendReports -->
  <testcase name="@AfterSuite sendReports" time="0.0" classname="com.perfaware.automation.oms.sterling.common.testcaseUtils.TestCaseBase">
    <ignored/>
  </testcase> <!-- @AfterSuite sendReports -->
  <testcase name="@BeforeSuite initialSetup" time="0.0" classname="com.perfaware.automation.oms.sterling.common.testcaseUtils.TestCaseBase">
    <ignored/>
  </testcase> <!-- @BeforeSuite initialSetup -->
  <testcase name="@BeforeSuite initialSetup" time="0.0" classname="com.perfaware.automation.oms.sterling.common.testcaseUtils.TestCaseBase">
    <ignored/>
  </testcase> <!-- @BeforeSuite initialSetup -->
  <testcase name="TC04_COM_RegisteredUser_SFS_OrderFulfillment" time="0.0" classname="com.perfaware.automation.oms.sterling.common.testcases.COM_RegisteredUser_SFS_OrderFulfillment">
    <ignored/>
  </testcase> <!-- TC04_COM_RegisteredUser_SFS_OrderFulfillment -->
  <testcase name="TC05_COM_LoginFunctionality" time="0.0" classname="com.perfaware.automation.oms.sterling.common.testcases.COM_LoginFunctionality">
    <ignored/>
  </testcase> <!-- TC05_COM_LoginFunctionality -->
  <testcase name="TC01_XML_BOPIS_SL_OrderFulfillment" time="0.0" classname="com.perfaware.automation.oms.sterling.common.testcases.XML_BOPIS_OrderFulfillment">
    <ignored/>
  </testcase> <!-- TC01_XML_BOPIS_SL_OrderFulfillment -->
</testsuite> <!-- OMS -->
